Inserido 684.
[684:e=.,d=.]
Inserido 442.
[684:e=[442:e=.,d=.],d=.]
Inserido 630.
[684:e=[442:e=.,d=[630:e=.,d=.]],d=.]
Inserido 484.
[684:e=[442:e=.,d=[630:e=[484:e=.,d=.],d=.]],d=.]
Inserido 645.
[684:e=[442:e=.,d=[630:e=[484:e=.,d=.],d=[645:e=.,d=.]]],d=.]
Inserido 988.
[684:e=[442:e=.,d=[630:e=[484:e=.,d=.],d=[645:e=.,d=.]]],d=[988:e=.,d=.]]
Inserido 285.
[684:e=[442:e=[285:e=.,d=.],d=[630:e=[484:e=.,d=.],d=[645:e=.,d=.]]],d=[988:e=.,d=.]]
Inserido 416.
[684:e=[442:e=[285:e=.,d=[416:e=.,d=.]],d=[630:e=[484:e=.,d=.],d=[645:e=.,d=.]]],d=[988:e=.,d=.]]
Inserido 287.
[684:e=[442:e=[285:e=.,d=[416:e=[287:e=.,d=.],d=.]],d=[630:e=[484:e=.,d=.],d=[645:e=.,d=.]]],d=[988:e=.,d=.]]
Inserido 550.
[684:e=[442:e=[285:e=.,d=[416:e=[287:e=.,d=.],d=.]],d=[630:e=[484:e=.,d=[550:e=.,d=.]],d=[645:e=.,d=.]]],d=[988:e=.,d=.]]
Inserido 915.
[684:e=[442:e=[285:e=.,d=[416:e=[287:e=.,d=.],d=.]],d=[630:e=[484:e=.,d=[550:e=.,d=.]],d=[645:e=.,d=.]]],d=[988:e=[915:e=.,d=.],d=.]]
Inserido 650.
[684:e=[442:e=[285:e=.,d=[416:e=[287:e=.,d=.],d=.]],d=[630:e=[484:e=.,d=[550:e=.,d=.]],d=[645:e=.,d=[650:e=.,d=.]]]],d=[988:e=[915:e=.,d=.],d=.]]
Inserido 478.
[684:e=[442:e=[285:e=.,d=[416:e=[287:e=.,d=.],d=.]],d=[630:e=[484:e=[478:e=.,d=.],d=[550:e=.,d=.]],d=[645:e=.,d=[650:e=.,d=.]]]],d=[988:e=[915:e=.,d=.],d=.]]
Inserido 957.
[684:e=[442:e=[285:e=.,d=[416:e=[287:e=.,d=.],d=.]],d=[630:e=[484:e=[478:e=.,d=.],d=[550:e=.,d=.]],d=[645:e=.,d=[650:e=.,d=.]]]],d=[988:e=[915:e=.,d=[957:e=.,d=.]],d=.]]
Inserido 102.
[684:e=[442:e=[285:e=[102:e=.,d=.],d=[416:e=[287:e=.,d=.],d=.]],d=[630:e=[484:e=[478:e=.,d=.],d=[550:e=.,d=.]],d=[645:e=.,d=[650:e=.,d=.]]]],d=[988:e=[915:e=.,d=[957:e=.,d=.]],d=.]]
Inserido 800.
[684:e=[442:e=[285:e=[102:e=.,d=.],d=[416:e=[287:e=.,d=.],d=.]],d=[630:e=[484:e=[478:e=.,d=.],d=[550:e=.,d=.]],d=[645:e=.,d=[650:e=.,d=.]]]],d=[988:e=[915:e=[800:e=.,d=.],d=[957:e=.,d=.]],d=.]]
Inserido 55.
[684:e=[442:e=[285:e=[102:e=[55:e=.,d=.],d=.],d=[416:e=[287:e=.,d=.],d=.]],d=[630:e=[484:e=[478:e=.,d=.],d=[550:e=.,d=.]],d=[645:e=.,d=[650:e=.,d=.]]]],d=[988:e=[915:e=[800:e=.,d=.],d=[957:e=.,d=.]],d=.]]
Inserido 902.
[684:e=[442:e=[285:e=[102:e=[55:e=.,d=.],d=.],d=[416:e=[287:e=.,d=.],d=.]],d=[630:e=[484:e=[478:e=.,d=.],d=[550:e=.,d=.]],d=[645:e=.,d=[650:e=.,d=.]]]],d=[988:e=[915:e=[800:e=.,d=[902:e=.,d=.]],d=[957:e=.,d=.]],d=.]]
Inserido 837.
[684:e=[442:e=[285:e=[102:e=[55:e=.,d=.],d=.],d=[416:e=[287:e=.,d=.],d=.]],d=[630:e=[484:e=[478:e=.,d=.],d=[550:e=.,d=.]],d=[645:e=.,d=[650:e=.,d=.]]]],d=[988:e=[915:e=[800:e=.,d=[902:e=[837:e=.,d=.],d=.]],d=[957:e=.,d=.]],d=.]]
Inserido 41.
[684:e=[442:e=[285:e=[102:e=[55:e=[41:e=.,d=.],d=.],d=.],d=[416:e=[287:e=.,d=.],d=.]],d=[630:e=[484:e=[478:e=.,d=.],d=[550:e=.,d=.]],d=[645:e=.,d=[650:e=.,d=.]]]],d=[988:e=[915:e=[800:e=.,d=[902:e=[837:e=.,d=.],d=.]],d=[957:e=.,d=.]],d=.]]
Inserido 327.
[684:e=[442:e=[285:e=[102:e=[55:e=[41:e=.,d=.],d=.],d=.],d=[416:e=[287:e=.,d=[327:e=.,d=.]],d=.]],d=[630:e=[484:e=[478:e=.,d=.],d=[550:e=.,d=.]],d=[645:e=.,d=[650:e=.,d=.]]]],d=[988:e=[915:e=[800:e=.,d=[902:e=[837:e=.,d=.],d=.]],d=[957:e=.,d=.]],d=.]]
Inserido 540.
[684:e=[442:e=[285:e=[102:e=[55:e=[41:e=.,d=.],d=.],d=.],d=[416:e=[287:e=.,d=[327:e=.,d=.]],d=.]],d=[630:e=[484:e=[478:e=.,d=.],d=[550:e=[540:e=.,d=.],d=.]],d=[645:e=.,d=[650:e=.,d=.]]]],d=[988:e=[915:e=[800:e=.,d=[902:e=[837:e=.,d=.],d=.]],d=[957:e=.,d=.]],d=.]]
Inserido 653.
[684:e=[442:e=[285:e=[102:e=[55:e=[41:e=.,d=.],d=.],d=.],d=[416:e=[287:e=.,d=[327:e=.,d=.]],d=.]],d=[630:e=[484:e=[478:e=.,d=.],d=[550:e=[540:e=.,d=.],d=.]],d=[645:e=.,d=[650:e=.,d=[653:e=.,d=.]]]]],d=[988:e=[915:e=[800:e=.,d=[902:e=[837:e=.,d=.],d=.]],d=[957:e=.,d=.]],d=.]]
Inserido 865.
[684:e=[442:e=[285:e=[102:e=[55:e=[41:e=.,d=.],d=.],d=.],d=[416:e=[287:e=.,d=[327:e=.,d=.]],d=.]],d=[630:e=[484:e=[478:e=.,d=.],d=[550:e=[540:e=.,d=.],d=.]],d=[645:e=.,d=[650:e=.,d=[653:e=.,d=.]]]]],d=[988:e=[915:e=[800:e=.,d=[902:e=[837:e=.,d=[865:e=.,d=.]],d=.]],d=[957:e=.,d=.]],d=.]]
Inserido 682.
[684:e=[442:e=[285:e=[102:e=[55:e=[41:e=.,d=.],d=.],d=.],d=[416:e=[287:e=.,d=[327:e=.,d=.]],d=.]],d=[630:e=[484:e=[478:e=.,d=.],d=[550:e=[540:e=.,d=.],d=.]],d=[645:e=.,d=[650:e=.,d=[653:e=.,d=[682:e=.,d=.]]]]]],d=[988:e=[915:e=[800:e=.,d=[902:e=[837:e=.,d=[865:e=.,d=.]],d=.]],d=[957:e=.,d=.]],d=.]]
Inserido 739.
[684:e=[442:e=[285:e=[102:e=[55:e=[41:e=.,d=.],d=.],d=.],d=[416:e=[287:e=.,d=[327:e=.,d=.]],d=.]],d=[630:e=[484:e=[478:e=.,d=.],d=[550:e=[540:e=.,d=.],d=.]],d=[645:e=.,d=[650:e=.,d=[653:e=.,d=[682:e=.,d=.]]]]]],d=[988:e=[915:e=[800:e=[739:e=.,d=.],d=[902:e=[837:e=.,d=[865:e=.,d=.]],d=.]],d=[957:e=.,d=.]],d=.]]
Inserido 491.
[684:e=[442:e=[285:e=[102:e=[55:e=[41:e=.,d=.],d=.],d=.],d=[416:e=[287:e=.,d=[327:e=.,d=.]],d=.]],d=[630:e=[484:e=[478:e=.,d=.],d=[550:e=[540:e=[491:e=.,d=.],d=.],d=.]],d=[645:e=.,d=[650:e=.,d=[653:e=.,d=[682:e=.,d=.]]]]]],d=[988:e=[915:e=[800:e=[739:e=.,d=.],d=[902:e=[837:e=.,d=[865:e=.,d=.]],d=.]],d=[957:e=.,d=.]],d=.]]
Inserido 232.
[684:e=[442:e=[285:e=[102:e=[55:e=[41:e=.,d=.],d=.],d=[232:e=.,d=.]],d=[416:e=[287:e=.,d=[327:e=.,d=.]],d=.]],d=[630:e=[484:e=[478:e=.,d=.],d=[550:e=[540:e=[491:e=.,d=.],d=.],d=.]],d=[645:e=.,d=[650:e=.,d=[653:e=.,d=[682:e=.,d=.]]]]]],d=[988:e=[915:e=[800:e=[739:e=.,d=.],d=[902:e=[837:e=.,d=[865:e=.,d=.]],d=.]],d=[957:e=.,d=.]],d=.]]
Inserido 849.
[684:e=[442:e=[285:e=[102:e=[55:e=[41:e=.,d=.],d=.],d=[232:e=.,d=.]],d=[416:e=[287:e=.,d=[327:e=.,d=.]],d=.]],d=[630:e=[484:e=[478:e=.,d=.],d=[550:e=[540:e=[491:e=.,d=.],d=.],d=.]],d=[645:e=.,d=[650:e=.,d=[653:e=.,d=[682:e=.,d=.]]]]]],d=[988:e=[915:e=[800:e=[739:e=.,d=.],d=[902:e=[837:e=.,d=[865:e=[849:e=.,d=.],d=.]],d=.]],d=[957:e=.,d=.]],d=.]]
Inserido 184.
[684:e=[442:e=[285:e=[102:e=[55:e=[41:e=.,d=.],d=.],d=[232:e=[184:e=.,d=.],d=.]],d=[416:e=[287:e=.,d=[327:e=.,d=.]],d=.]],d=[630:e=[484:e=[478:e=.,d=.],d=[550:e=[540:e=[491:e=.,d=.],d=.],d=.]],d=[645:e=.,d=[650:e=.,d=[653:e=.,d=[682:e=.,d=.]]]]]],d=[988:e=[915:e=[800:e=[739:e=.,d=.],d=[902:e=[837:e=.,d=[865:e=[849:e=.,d=.],d=.]],d=.]],d=[957:e=.,d=.]],d=.]]
Inserido 532.
[684:e=[442:e=[285:e=[102:e=[55:e=[41:e=.,d=.],d=.],d=[232:e=[184:e=.,d=.],d=.]],d=[416:e=[287:e=.,d=[327:e=.,d=.]],d=.]],d=[630:e=[484:e=[478:e=.,d=.],d=[550:e=[540:e=[491:e=.,d=[532:e=.,d=.]],d=.],d=.]],d=[645:e=.,d=[650:e=.,d=[653:e=.,d=[682:e=.,d=.]]]]]],d=[988:e=[915:e=[800:e=[739:e=.,d=.],d=[902:e=[837:e=.,d=[865:e=[849:e=.,d=.],d=.]],d=.]],d=[957:e=.,d=.]],d=.]]
Inserido 167.
[684:e=[442:e=[285:e=[102:e=[55:e=[41:e=.,d=.],d=.],d=[232:e=[184:e=[167:e=.,d=.],d=.],d=.]],d=[416:e=[287:e=.,d=[327:e=.,d=.]],d=.]],d=[630:e=[484:e=[478:e=.,d=.],d=[550:e=[540:e=[491:e=.,d=[532:e=.,d=.]],d=.],d=.]],d=[645:e=.,d=[650:e=.,d=[653:e=.,d=[682:e=.,d=.]]]]]],d=[988:e=[915:e=[800:e=[739:e=.,d=.],d=[902:e=[837:e=.,d=[865:e=[849:e=.,d=.],d=.]],d=.]],d=[957:e=.,d=.]],d=.]]
Inserido 20.
[684:e=[442:e=[285:e=[102:e=[55:e=[41:e=[20:e=.,d=.],d=.],d=.],d=[232:e=[184:e=[167:e=.,d=.],d=.],d=.]],d=[416:e=[287:e=.,d=[327:e=.,d=.]],d=.]],d=[630:e=[484:e=[478:e=.,d=.],d=[550:e=[540:e=[491:e=.,d=[532:e=.,d=.]],d=.],d=.]],d=[645:e=.,d=[650:e=.,d=[653:e=.,d=[682:e=.,d=.]]]]]],d=[988:e=[915:e=[800:e=[739:e=.,d=.],d=[902:e=[837:e=.,d=[865:e=[849:e=.,d=.],d=.]],d=.]],d=[957:e=.,d=.]],d=.]]
Inserido 300.
[684:e=[442:e=[285:e=[102:e=[55:e=[41:e=[20:e=.,d=.],d=.],d=.],d=[232:e=[184:e=[167:e=.,d=.],d=.],d=.]],d=[416:e=[287:e=.,d=[327:e=[300:e=.,d=.],d=.]],d=.]],d=[630:e=[484:e=[478:e=.,d=.],d=[550:e=[540:e=[491:e=.,d=[532:e=.,d=.]],d=.],d=.]],d=[645:e=.,d=[650:e=.,d=[653:e=.,d=[682:e=.,d=.]]]]]],d=[988:e=[915:e=[800:e=[739:e=.,d=.],d=[902:e=[837:e=.,d=[865:e=[849:e=.,d=.],d=.]],d=.]],d=[957:e=.,d=.]],d=.]]
Inserido 198.
[684:e=[442:e=[285:e=[102:e=[55:e=[41:e=[20:e=.,d=.],d=.],d=.],d=[232:e=[184:e=[167:e=.,d=.],d=[198:e=.,d=.]],d=.]],d=[416:e=[287:e=.,d=[327:e=[300:e=.,d=.],d=.]],d=.]],d=[630:e=[484:e=[478:e=.,d=.],d=[550:e=[540:e=[491:e=.,d=[532:e=.,d=.]],d=.],d=.]],d=[645:e=.,d=[650:e=.,d=[653:e=.,d=[682:e=.,d=.]]]]]],d=[988:e=[915:e=[800:e=[739:e=.,d=.],d=[902:e=[837:e=.,d=[865:e=[849:e=.,d=.],d=.]],d=.]],d=[957:e=.,d=.]],d=.]]
Inserido 438.
[684:e=[442:e=[285:e=[102:e=[55:e=[41:e=[20:e=.,d=.],d=.],d=.],d=[232:e=[184:e=[167:e=.,d=.],d=[198:e=.,d=.]],d=.]],d=[416:e=[287:e=.,d=[327:e=[300:e=.,d=.],d=.]],d=[438:e=.,d=.]]],d=[630:e=[484:e=[478:e=.,d=.],d=[550:e=[540:e=[491:e=.,d=[532:e=.,d=.]],d=.],d=.]],d=[645:e=.,d=[650:e=.,d=[653:e=.,d=[682:e=.,d=.]]]]]],d=[988:e=[915:e=[800:e=[739:e=.,d=.],d=[902:e=[837:e=.,d=[865:e=[849:e=.,d=.],d=.]],d=.]],d=[957:e=.,d=.]],d=.]]
Insercao de 102 falhou.
[684:e=[442:e=[285:e=[102:e=[55:e=[41:e=[20:e=.,d=.],d=.],d=.],d=[232:e=[184:e=[167:e=.,d=.],d=[198:e=.,d=.]],d=.]],d=[416:e=[287:e=.,d=[327:e=[300:e=.,d=.],d=.]],d=[438:e=.,d=.]]],d=[630:e=[484:e=[478:e=.,d=.],d=[550:e=[540:e=[491:e=.,d=[532:e=.,d=.]],d=.],d=.]],d=[645:e=.,d=[650:e=.,d=[653:e=.,d=[682:e=.,d=.]]]]]],d=[988:e=[915:e=[800:e=[739:e=.,d=.],d=[902:e=[837:e=.,d=[865:e=[849:e=.,d=.],d=.]],d=.]],d=[957:e=.,d=.]],d=.]]
Inserido 877.
[684:e=[442:e=[285:e=[102:e=[55:e=[41:e=[20:e=.,d=.],d=.],d=.],d=[232:e=[184:e=[167:e=.,d=.],d=[198:e=.,d=.]],d=.]],d=[416:e=[287:e=.,d=[327:e=[300:e=.,d=.],d=.]],d=[438:e=.,d=.]]],d=[630:e=[484:e=[478:e=.,d=.],d=[550:e=[540:e=[491:e=.,d=[532:e=.,d=.]],d=.],d=.]],d=[645:e=.,d=[650:e=.,d=[653:e=.,d=[682:e=.,d=.]]]]]],d=[988:e=[915:e=[800:e=[739:e=.,d=.],d=[902:e=[837:e=.,d=[865:e=[849:e=.,d=.],d=[877:e=.,d=.]]],d=.]],d=[957:e=.,d=.]],d=.]]
Inserido 584.
[684:e=[442:e=[285:e=[102:e=[55:e=[41:e=[20:e=.,d=.],d=.],d=.],d=[232:e=[184:e=[167:e=.,d=.],d=[198:e=.,d=.]],d=.]],d=[416:e=[287:e=.,d=[327:e=[300:e=.,d=.],d=.]],d=[438:e=.,d=.]]],d=[630:e=[484:e=[478:e=.,d=.],d=[550:e=[540:e=[491:e=.,d=[532:e=.,d=.]],d=.],d=[584:e=.,d=.]]],d=[645:e=.,d=[650:e=.,d=[653:e=.,d=[682:e=.,d=.]]]]]],d=[988:e=[915:e=[800:e=[739:e=.,d=.],d=[902:e=[837:e=.,d=[865:e=[849:e=.,d=.],d=[877:e=.,d=.]]],d=.]],d=[957:e=.,d=.]],d=.]]
Inserido 380.
[684:e=[442:e=[285:e=[102:e=[55:e=[41:e=[20:e=.,d=.],d=.],d=.],d=[232:e=[184:e=[167:e=.,d=.],d=[198:e=.,d=.]],d=.]],d=[416:e=[287:e=.,d=[327:e=[300:e=.,d=.],d=[380:e=.,d=.]]],d=[438:e=.,d=.]]],d=[630:e=[484:e=[478:e=.,d=.],d=[550:e=[540:e=[491:e=.,d=[532:e=.,d=.]],d=.],d=[584:e=.,d=.]]],d=[645:e=.,d=[650:e=.,d=[653:e=.,d=[682:e=.,d=.]]]]]],d=[988:e=[915:e=[800:e=[739:e=.,d=.],d=[902:e=[837:e=.,d=[865:e=[849:e=.,d=.],d=[877:e=.,d=.]]],d=.]],d=[957:e=.,d=.]],d=.]]
Inserido 556.
[684:e=[442:e=[285:e=[102:e=[55:e=[41:e=[20:e=.,d=.],d=.],d=.],d=[232:e=[184:e=[167:e=.,d=.],d=[198:e=.,d=.]],d=.]],d=[416:e=[287:e=.,d=[327:e=[300:e=.,d=.],d=[380:e=.,d=.]]],d=[438:e=.,d=.]]],d=[630:e=[484:e=[478:e=.,d=.],d=[550:e=[540:e=[491:e=.,d=[532:e=.,d=.]],d=.],d=[584:e=[556:e=.,d=.],d=.]]],d=[645:e=.,d=[650:e=.,d=[653:e=.,d=[682:e=.,d=.]]]]]],d=[988:e=[915:e=[800:e=[739:e=.,d=.],d=[902:e=[837:e=.,d=[865:e=[849:e=.,d=.],d=[877:e=.,d=.]]],d=.]],d=[957:e=.,d=.]],d=.]]
Inserido 764.
[684:e=[442:e=[285:e=[102:e=[55:e=[41:e=[20:e=.,d=.],d=.],d=.],d=[232:e=[184:e=[167:e=.,d=.],d=[198:e=.,d=.]],d=.]],d=[416:e=[287:e=.,d=[327:e=[300:e=.,d=.],d=[380:e=.,d=.]]],d=[438:e=.,d=.]]],d=[630:e=[484:e=[478:e=.,d=.],d=[550:e=[540:e=[491:e=.,d=[532:e=.,d=.]],d=.],d=[584:e=[556:e=.,d=.],d=.]]],d=[645:e=.,d=[650:e=.,d=[653:e=.,d=[682:e=.,d=.]]]]]],d=[988:e=[915:e=[800:e=[739:e=.,d=[764:e=.,d=.]],d=[902:e=[837:e=.,d=[865:e=[849:e=.,d=.],d=[877:e=.,d=.]]],d=.]],d=[957:e=.,d=.]],d=.]]
Inserido 5.
[684:e=[442:e=[285:e=[102:e=[55:e=[41:e=[20:e=[5:e=.,d=.],d=.],d=.],d=.],d=[232:e=[184:e=[167:e=.,d=.],d=[198:e=.,d=.]],d=.]],d=[416:e=[287:e=.,d=[327:e=[300:e=.,d=.],d=[380:e=.,d=.]]],d=[438:e=.,d=.]]],d=[630:e=[484:e=[478:e=.,d=.],d=[550:e=[540:e=[491:e=.,d=[532:e=.,d=.]],d=.],d=[584:e=[556:e=.,d=.],d=.]]],d=[645:e=.,d=[650:e=.,d=[653:e=.,d=[682:e=.,d=.]]]]]],d=[988:e=[915:e=[800:e=[739:e=.,d=[764:e=.,d=.]],d=[902:e=[837:e=.,d=[865:e=[849:e=.,d=.],d=[877:e=.,d=.]]],d=.]],d=[957:e=.,d=.]],d=.]]
Inserido 367.
[684:e=[442:e=[285:e=[102:e=[55:e=[41:e=[20:e=[5:e=.,d=.],d=.],d=.],d=.],d=[232:e=[184:e=[167:e=.,d=.],d=[198:e=.,d=.]],d=.]],d=[416:e=[287:e=.,d=[327:e=[300:e=.,d=.],d=[380:e=[367:e=.,d=.],d=.]]],d=[438:e=.,d=.]]],d=[630:e=[484:e=[478:e=.,d=.],d=[550:e=[540:e=[491:e=.,d=[532:e=.,d=.]],d=.],d=[584:e=[556:e=.,d=.],d=.]]],d=[645:e=.,d=[650:e=.,d=[653:e=.,d=[682:e=.,d=.]]]]]],d=[988:e=[915:e=[800:e=[739:e=.,d=[764:e=.,d=.]],d=[902:e=[837:e=.,d=[865:e=[849:e=.,d=.],d=[877:e=.,d=.]]],d=.]],d=[957:e=.,d=.]],d=.]]
Inserido 657.
[684:e=[442:e=[285:e=[102:e=[55:e=[41:e=[20:e=[5:e=.,d=.],d=.],d=.],d=.],d=[232:e=[184:e=[167:e=.,d=.],d=[198:e=.,d=.]],d=.]],d=[416:e=[287:e=.,d=[327:e=[300:e=.,d=.],d=[380:e=[367:e=.,d=.],d=.]]],d=[438:e=.,d=.]]],d=[630:e=[484:e=[478:e=.,d=.],d=[550:e=[540:e=[491:e=.,d=[532:e=.,d=.]],d=.],d=[584:e=[556:e=.,d=.],d=.]]],d=[645:e=.,d=[650:e=.,d=[653:e=.,d=[682:e=[657:e=.,d=.],d=.]]]]]],d=[988:e=[915:e=[800:e=[739:e=.,d=[764:e=.,d=.]],d=[902:e=[837:e=.,d=[865:e=[849:e=.,d=.],d=[877:e=.,d=.]]],d=.]],d=[957:e=.,d=.]],d=.]]
Inserido 961.
[684:e=[442:e=[285:e=[102:e=[55:e=[41:e=[20:e=[5:e=.,d=.],d=.],d=.],d=.],d=[232:e=[184:e=[167:e=.,d=.],d=[198:e=.,d=.]],d=.]],d=[416:e=[287:e=.,d=[327:e=[300:e=.,d=.],d=[380:e=[367:e=.,d=.],d=.]]],d=[438:e=.,d=.]]],d=[630:e=[484:e=[478:e=.,d=.],d=[550:e=[540:e=[491:e=.,d=[532:e=.,d=.]],d=.],d=[584:e=[556:e=.,d=.],d=.]]],d=[645:e=.,d=[650:e=.,d=[653:e=.,d=[682:e=[657:e=.,d=.],d=.]]]]]],d=[988:e=[915:e=[800:e=[739:e=.,d=[764:e=.,d=.]],d=[902:e=[837:e=.,d=[865:e=[849:e=.,d=.],d=[877:e=.,d=.]]],d=.]],d=[957:e=.,d=[961:e=.,d=.]]],d=.]]
Inserido 21.
[684:e=[442:e=[285:e=[102:e=[55:e=[41:e=[20:e=[5:e=.,d=.],d=[21:e=.,d=.]],d=.],d=.],d=[232:e=[184:e=[167:e=.,d=.],d=[198:e=.,d=.]],d=.]],d=[416:e=[287:e=.,d=[327:e=[300:e=.,d=.],d=[380:e=[367:e=.,d=.],d=.]]],d=[438:e=.,d=.]]],d=[630:e=[484:e=[478:e=.,d=.],d=[550:e=[540:e=[491:e=.,d=[532:e=.,d=.]],d=.],d=[584:e=[556:e=.,d=.],d=.]]],d=[645:e=.,d=[650:e=.,d=[653:e=.,d=[682:e=[657:e=.,d=.],d=.]]]]]],d=[988:e=[915:e=[800:e=[739:e=.,d=[764:e=.,d=.]],d=[902:e=[837:e=.,d=[865:e=[849:e=.,d=.],d=[877:e=.,d=.]]],d=.]],d=[957:e=.,d=[961:e=.,d=.]]],d=.]]
Inserido 903.
[684:e=[442:e=[285:e=[102:e=[55:e=[41:e=[20:e=[5:e=.,d=.],d=[21:e=.,d=.]],d=.],d=.],d=[232:e=[184:e=[167:e=.,d=.],d=[198:e=.,d=.]],d=.]],d=[416:e=[287:e=.,d=[327:e=[300:e=.,d=.],d=[380:e=[367:e=.,d=.],d=.]]],d=[438:e=.,d=.]]],d=[630:e=[484:e=[478:e=.,d=.],d=[550:e=[540:e=[491:e=.,d=[532:e=.,d=.]],d=.],d=[584:e=[556:e=.,d=.],d=.]]],d=[645:e=.,d=[650:e=.,d=[653:e=.,d=[682:e=[657:e=.,d=.],d=.]]]]]],d=[988:e=[915:e=[800:e=[739:e=.,d=[764:e=.,d=.]],d=[902:e=[837:e=.,d=[865:e=[849:e=.,d=.],d=[877:e=.,d=.]]],d=[903:e=.,d=.]]],d=[957:e=.,d=[961:e=.,d=.]]],d=.]]
Inserido 586.
[684:e=[442:e=[285:e=[102:e=[55:e=[41:e=[20:e=[5:e=.,d=.],d=[21:e=.,d=.]],d=.],d=.],d=[232:e=[184:e=[167:e=.,d=.],d=[198:e=.,d=.]],d=.]],d=[416:e=[287:e=.,d=[327:e=[300:e=.,d=.],d=[380:e=[367:e=.,d=.],d=.]]],d=[438:e=.,d=.]]],d=[630:e=[484:e=[478:e=.,d=.],d=[550:e=[540:e=[491:e=.,d=[532:e=.,d=.]],d=.],d=[584:e=[556:e=.,d=.],d=[586:e=.,d=.]]]],d=[645:e=.,d=[650:e=.,d=[653:e=.,d=[682:e=[657:e=.,d=.],d=.]]]]]],d=[988:e=[915:e=[800:e=[739:e=.,d=[764:e=.,d=.]],d=[902:e=[837:e=.,d=[865:e=[849:e=.,d=.],d=[877:e=.,d=.]]],d=[903:e=.,d=.]]],d=[957:e=.,d=[961:e=.,d=.]]],d=.]]
Inserido 342.
[684:e=[442:e=[285:e=[102:e=[55:e=[41:e=[20:e=[5:e=.,d=.],d=[21:e=.,d=.]],d=.],d=.],d=[232:e=[184:e=[167:e=.,d=.],d=[198:e=.,d=.]],d=.]],d=[416:e=[287:e=.,d=[327:e=[300:e=.,d=.],d=[380:e=[367:e=[342:e=.,d=.],d=.],d=.]]],d=[438:e=.,d=.]]],d=[630:e=[484:e=[478:e=.,d=.],d=[550:e=[540:e=[491:e=.,d=[532:e=.,d=.]],d=.],d=[584:e=[556:e=.,d=.],d=[586:e=.,d=.]]]],d=[645:e=.,d=[650:e=.,d=[653:e=.,d=[682:e=[657:e=.,d=.],d=.]]]]]],d=[988:e=[915:e=[800:e=[739:e=.,d=[764:e=.,d=.]],d=[902:e=[837:e=.,d=[865:e=[849:e=.,d=.],d=[877:e=.,d=.]]],d=[903:e=.,d=.]]],d=[957:e=.,d=[961:e=.,d=.]]],d=.]]
Inserido 649.
[684:e=[442:e=[285:e=[102:e=[55:e=[41:e=[20:e=[5:e=.,d=.],d=[21:e=.,d=.]],d=.],d=.],d=[232:e=[184:e=[167:e=.,d=.],d=[198:e=.,d=.]],d=.]],d=[416:e=[287:e=.,d=[327:e=[300:e=.,d=.],d=[380:e=[367:e=[342:e=.,d=.],d=.],d=.]]],d=[438:e=.,d=.]]],d=[630:e=[484:e=[478:e=.,d=.],d=[550:e=[540:e=[491:e=.,d=[532:e=.,d=.]],d=.],d=[584:e=[556:e=.,d=.],d=[586:e=.,d=.]]]],d=[645:e=.,d=[650:e=[649:e=.,d=.],d=[653:e=.,d=[682:e=[657:e=.,d=.],d=.]]]]]],d=[988:e=[915:e=[800:e=[739:e=.,d=[764:e=.,d=.]],d=[902:e=[837:e=.,d=[865:e=[849:e=.,d=.],d=[877:e=.,d=.]]],d=[903:e=.,d=.]]],d=[957:e=.,d=[961:e=.,d=.]]],d=.]]
Inserido 179.
[684:e=[442:e=[285:e=[102:e=[55:e=[41:e=[20:e=[5:e=.,d=.],d=[21:e=.,d=.]],d=.],d=.],d=[232:e=[184:e=[167:e=.,d=[179:e=.,d=.]],d=[198:e=.,d=.]],d=.]],d=[416:e=[287:e=.,d=[327:e=[300:e=.,d=.],d=[380:e=[367:e=[342:e=.,d=.],d=.],d=.]]],d=[438:e=.,d=.]]],d=[630:e=[484:e=[478:e=.,d=.],d=[550:e=[540:e=[491:e=.,d=[532:e=.,d=.]],d=.],d=[584:e=[556:e=.,d=.],d=[586:e=.,d=.]]]],d=[645:e=.,d=[650:e=[649:e=.,d=.],d=[653:e=.,d=[682:e=[657:e=.,d=.],d=.]]]]]],d=[988:e=[915:e=[800:e=[739:e=.,d=[764:e=.,d=.]],d=[902:e=[837:e=.,d=[865:e=[849:e=.,d=.],d=[877:e=.,d=.]]],d=[903:e=.,d=.]]],d=[957:e=.,d=[961:e=.,d=.]]],d=.]]
Inserido 161.
[684:e=[442:e=[285:e=[102:e=[55:e=[41:e=[20:e=[5:e=.,d=.],d=[21:e=.,d=.]],d=.],d=.],d=[232:e=[184:e=[167:e=[161:e=.,d=.],d=[179:e=.,d=.]],d=[198:e=.,d=.]],d=.]],d=[416:e=[287:e=.,d=[327:e=[300:e=.,d=.],d=[380:e=[367:e=[342:e=.,d=.],d=.],d=.]]],d=[438:e=.,d=.]]],d=[630:e=[484:e=[478:e=.,d=.],d=[550:e=[540:e=[491:e=.,d=[532:e=.,d=.]],d=.],d=[584:e=[556:e=.,d=.],d=[586:e=.,d=.]]]],d=[645:e=.,d=[650:e=[649:e=.,d=.],d=[653:e=.,d=[682:e=[657:e=.,d=.],d=.]]]]]],d=[988:e=[915:e=[800:e=[739:e=.,d=[764:e=.,d=.]],d=[902:e=[837:e=.,d=[865:e=[849:e=.,d=.],d=[877:e=.,d=.]]],d=[903:e=.,d=.]]],d=[957:e=.,d=[961:e=.,d=.]]],d=.]]
Inserido 322.
[684:e=[442:e=[285:e=[102:e=[55:e=[41:e=[20:e=[5:e=.,d=.],d=[21:e=.,d=.]],d=.],d=.],d=[232:e=[184:e=[167:e=[161:e=.,d=.],d=[179:e=.,d=.]],d=[198:e=.,d=.]],d=.]],d=[416:e=[287:e=.,d=[327:e=[300:e=.,d=[322:e=.,d=.]],d=[380:e=[367:e=[342:e=.,d=.],d=.],d=.]]],d=[438:e=.,d=.]]],d=[630:e=[484:e=[478:e=.,d=.],d=[550:e=[540:e=[491:e=.,d=[532:e=.,d=.]],d=.],d=[584:e=[556:e=.,d=.],d=[586:e=.,d=.]]]],d=[645:e=.,d=[650:e=[649:e=.,d=.],d=[653:e=.,d=[682:e=[657:e=.,d=.],d=.]]]]]],d=[988:e=[915:e=[800:e=[739:e=.,d=[764:e=.,d=.]],d=[902:e=[837:e=.,d=[865:e=[849:e=.,d=.],d=[877:e=.,d=.]]],d=[903:e=.,d=.]]],d=[957:e=.,d=[961:e=.,d=.]]],d=.]]
Inserido 577.
[684:e=[442:e=[285:e=[102:e=[55:e=[41:e=[20:e=[5:e=.,d=.],d=[21:e=.,d=.]],d=.],d=.],d=[232:e=[184:e=[167:e=[161:e=.,d=.],d=[179:e=.,d=.]],d=[198:e=.,d=.]],d=.]],d=[416:e=[287:e=.,d=[327:e=[300:e=.,d=[322:e=.,d=.]],d=[380:e=[367:e=[342:e=.,d=.],d=.],d=.]]],d=[438:e=.,d=.]]],d=[630:e=[484:e=[478:e=.,d=.],d=[550:e=[540:e=[491:e=.,d=[532:e=.,d=.]],d=.],d=[584:e=[556:e=.,d=[577:e=.,d=.]],d=[586:e=.,d=.]]]],d=[645:e=.,d=[650:e=[649:e=.,d=.],d=[653:e=.,d=[682:e=[657:e=.,d=.],d=.]]]]]],d=[988:e=[915:e=[800:e=[739:e=.,d=[764:e=.,d=.]],d=[902:e=[837:e=.,d=[865:e=[849:e=.,d=.],d=[877:e=.,d=.]]],d=[903:e=.,d=.]]],d=[957:e=.,d=[961:e=.,d=.]]],d=.]]
Inserido 889.
[684:e=[442:e=[285:e=[102:e=[55:e=[41:e=[20:e=[5:e=.,d=.],d=[21:e=.,d=.]],d=.],d=.],d=[232:e=[184:e=[167:e=[161:e=.,d=.],d=[179:e=.,d=.]],d=[198:e=.,d=.]],d=.]],d=[416:e=[287:e=.,d=[327:e=[300:e=.,d=[322:e=.,d=.]],d=[380:e=[367:e=[342:e=.,d=.],d=.],d=.]]],d=[438:e=.,d=.]]],d=[630:e=[484:e=[478:e=.,d=.],d=[550:e=[540:e=[491:e=.,d=[532:e=.,d=.]],d=.],d=[584:e=[556:e=.,d=[577:e=.,d=.]],d=[586:e=.,d=.]]]],d=[645:e=.,d=[650:e=[649:e=.,d=.],d=[653:e=.,d=[682:e=[657:e=.,d=.],d=.]]]]]],d=[988:e=[915:e=[800:e=[739:e=.,d=[764:e=.,d=.]],d=[902:e=[837:e=.,d=[865:e=[849:e=.,d=.],d=[877:e=.,d=[889:e=.,d=.]]]],d=[903:e=.,d=.]]],d=[957:e=.,d=[961:e=.,d=.]]],d=.]]
Inserido 475.
[684:e=[442:e=[285:e=[102:e=[55:e=[41:e=[20:e=[5:e=.,d=.],d=[21:e=.,d=.]],d=.],d=.],d=[232:e=[184:e=[167:e=[161:e=.,d=.],d=[179:e=.,d=.]],d=[198:e=.,d=.]],d=.]],d=[416:e=[287:e=.,d=[327:e=[300:e=.,d=[322:e=.,d=.]],d=[380:e=[367:e=[342:e=.,d=.],d=.],d=.]]],d=[438:e=.,d=.]]],d=[630:e=[484:e=[478:e=[475:e=.,d=.],d=.],d=[550:e=[540:e=[491:e=.,d=[532:e=.,d=.]],d=.],d=[584:e=[556:e=.,d=[577:e=.,d=.]],d=[586:e=.,d=.]]]],d=[645:e=.,d=[650:e=[649:e=.,d=.],d=[653:e=.,d=[682:e=[657:e=.,d=.],d=.]]]]]],d=[988:e=[915:e=[800:e=[739:e=.,d=[764:e=.,d=.]],d=[902:e=[837:e=.,d=[865:e=[849:e=.,d=.],d=[877:e=.,d=[889:e=.,d=.]]]],d=[903:e=.,d=.]]],d=[957:e=.,d=[961:e=.,d=.]]],d=.]]
Inserido 345.
[684:e=[442:e=[285:e=[102:e=[55:e=[41:e=[20:e=[5:e=.,d=.],d=[21:e=.,d=.]],d=.],d=.],d=[232:e=[184:e=[167:e=[161:e=.,d=.],d=[179:e=.,d=.]],d=[198:e=.,d=.]],d=.]],d=[416:e=[287:e=.,d=[327:e=[300:e=.,d=[322:e=.,d=.]],d=[380:e=[367:e=[342:e=.,d=[345:e=.,d=.]],d=.],d=.]]],d=[438:e=.,d=.]]],d=[630:e=[484:e=[478:e=[475:e=.,d=.],d=.],d=[550:e=[540:e=[491:e=.,d=[532:e=.,d=.]],d=.],d=[584:e=[556:e=.,d=[577:e=.,d=.]],d=[586:e=.,d=.]]]],d=[645:e=.,d=[650:e=[649:e=.,d=.],d=[653:e=.,d=[682:e=[657:e=.,d=.],d=.]]]]]],d=[988:e=[915:e=[800:e=[739:e=.,d=[764:e=.,d=.]],d=[902:e=[837:e=.,d=[865:e=[849:e=.,d=.],d=[877:e=.,d=[889:e=.,d=.]]]],d=[903:e=.,d=.]]],d=[957:e=.,d=[961:e=.,d=.]]],d=.]]
Inserido 613.
[684:e=[442:e=[285:e=[102:e=[55:e=[41:e=[20:e=[5:e=.,d=.],d=[21:e=.,d=.]],d=.],d=.],d=[232:e=[184:e=[167:e=[161:e=.,d=.],d=[179:e=.,d=.]],d=[198:e=.,d=.]],d=.]],d=[416:e=[287:e=.,d=[327:e=[300:e=.,d=[322:e=.,d=.]],d=[380:e=[367:e=[342:e=.,d=[345:e=.,d=.]],d=.],d=.]]],d=[438:e=.,d=.]]],d=[630:e=[484:e=[478:e=[475:e=.,d=.],d=.],d=[550:e=[540:e=[491:e=.,d=[532:e=.,d=.]],d=.],d=[584:e=[556:e=.,d=[577:e=.,d=.]],d=[586:e=.,d=[613:e=.,d=.]]]]],d=[645:e=.,d=[650:e=[649:e=.,d=.],d=[653:e=.,d=[682:e=[657:e=.,d=.],d=.]]]]]],d=[988:e=[915:e=[800:e=[739:e=.,d=[764:e=.,d=.]],d=[902:e=[837:e=.,d=[865:e=[849:e=.,d=.],d=[877:e=.,d=[889:e=.,d=.]]]],d=[903:e=.,d=.]]],d=[957:e=.,d=[961:e=.,d=.]]],d=.]]
Inserido 609.
[684:e=[442:e=[285:e=[102:e=[55:e=[41:e=[20:e=[5:e=.,d=.],d=[21:e=.,d=.]],d=.],d=.],d=[232:e=[184:e=[167:e=[161:e=.,d=.],d=[179:e=.,d=.]],d=[198:e=.,d=.]],d=.]],d=[416:e=[287:e=.,d=[327:e=[300:e=.,d=[322:e=.,d=.]],d=[380:e=[367:e=[342:e=.,d=[345:e=.,d=.]],d=.],d=.]]],d=[438:e=.,d=.]]],d=[630:e=[484:e=[478:e=[475:e=.,d=.],d=.],d=[550:e=[540:e=[491:e=.,d=[532:e=.,d=.]],d=.],d=[584:e=[556:e=.,d=[577:e=.,d=.]],d=[586:e=.,d=[613:e=[609:e=.,d=.],d=.]]]]],d=[645:e=.,d=[650:e=[649:e=.,d=.],d=[653:e=.,d=[682:e=[657:e=.,d=.],d=.]]]]]],d=[988:e=[915:e=[800:e=[739:e=.,d=[764:e=.,d=.]],d=[902:e=[837:e=.,d=[865:e=[849:e=.,d=.],d=[877:e=.,d=[889:e=.,d=.]]]],d=[903:e=.,d=.]]],d=[957:e=.,d=[961:e=.,d=.]]],d=.]]
Inserido 457.
[684:e=[442:e=[285:e=[102:e=[55:e=[41:e=[20:e=[5:e=.,d=.],d=[21:e=.,d=.]],d=.],d=.],d=[232:e=[184:e=[167:e=[161:e=.,d=.],d=[179:e=.,d=.]],d=[198:e=.,d=.]],d=.]],d=[416:e=[287:e=.,d=[327:e=[300:e=.,d=[322:e=.,d=.]],d=[380:e=[367:e=[342:e=.,d=[345:e=.,d=.]],d=.],d=.]]],d=[438:e=.,d=.]]],d=[630:e=[484:e=[478:e=[475:e=[457:e=.,d=.],d=.],d=.],d=[550:e=[540:e=[491:e=.,d=[532:e=.,d=.]],d=.],d=[584:e=[556:e=.,d=[577:e=.,d=.]],d=[586:e=.,d=[613:e=[609:e=.,d=.],d=.]]]]],d=[645:e=.,d=[650:e=[649:e=.,d=.],d=[653:e=.,d=[682:e=[657:e=.,d=.],d=.]]]]]],d=[988:e=[915:e=[800:e=[739:e=.,d=[764:e=.,d=.]],d=[902:e=[837:e=.,d=[865:e=[849:e=.,d=.],d=[877:e=.,d=[889:e=.,d=.]]]],d=[903:e=.,d=.]]],d=[957:e=.,d=[961:e=.,d=.]]],d=.]]
Inserido 942.
[684:e=[442:e=[285:e=[102:e=[55:e=[41:e=[20:e=[5:e=.,d=.],d=[21:e=.,d=.]],d=.],d=.],d=[232:e=[184:e=[167:e=[161:e=.,d=.],d=[179:e=.,d=.]],d=[198:e=.,d=.]],d=.]],d=[416:e=[287:e=.,d=[327:e=[300:e=.,d=[322:e=.,d=.]],d=[380:e=[367:e=[342:e=.,d=[345:e=.,d=.]],d=.],d=.]]],d=[438:e=.,d=.]]],d=[630:e=[484:e=[478:e=[475:e=[457:e=.,d=.],d=.],d=.],d=[550:e=[540:e=[491:e=.,d=[532:e=.,d=.]],d=.],d=[584:e=[556:e=.,d=[577:e=.,d=.]],d=[586:e=.,d=[613:e=[609:e=.,d=.],d=.]]]]],d=[645:e=.,d=[650:e=[649:e=.,d=.],d=[653:e=.,d=[682:e=[657:e=.,d=.],d=.]]]]]],d=[988:e=[915:e=[800:e=[739:e=.,d=[764:e=.,d=.]],d=[902:e=[837:e=.,d=[865:e=[849:e=.,d=.],d=[877:e=.,d=[889:e=.,d=.]]]],d=[903:e=.,d=.]]],d=[957:e=[942:e=.,d=.],d=[961:e=.,d=.]]],d=.]]
Inserido 19.
[684:e=[442:e=[285:e=[102:e=[55:e=[41:e=[20:e=[5:e=.,d=[19:e=.,d=.]],d=[21:e=.,d=.]],d=.],d=.],d=[232:e=[184:e=[167:e=[161:e=.,d=.],d=[179:e=.,d=.]],d=[198:e=.,d=.]],d=.]],d=[416:e=[287:e=.,d=[327:e=[300:e=.,d=[322:e=.,d=.]],d=[380:e=[367:e=[342:e=.,d=[345:e=.,d=.]],d=.],d=.]]],d=[438:e=.,d=.]]],d=[630:e=[484:e=[478:e=[475:e=[457:e=.,d=.],d=.],d=.],d=[550:e=[540:e=[491:e=.,d=[532:e=.,d=.]],d=.],d=[584:e=[556:e=.,d=[577:e=.,d=.]],d=[586:e=.,d=[613:e=[609:e=.,d=.],d=.]]]]],d=[645:e=.,d=[650:e=[649:e=.,d=.],d=[653:e=.,d=[682:e=[657:e=.,d=.],d=.]]]]]],d=[988:e=[915:e=[800:e=[739:e=.,d=[764:e=.,d=.]],d=[902:e=[837:e=.,d=[865:e=[849:e=.,d=.],d=[877:e=.,d=[889:e=.,d=.]]]],d=[903:e=.,d=.]]],d=[957:e=[942:e=.,d=.],d=[961:e=.,d=.]]],d=.]]
Inserido 581.
[684:e=[442:e=[285:e=[102:e=[55:e=[41:e=[20:e=[5:e=.,d=[19:e=.,d=.]],d=[21:e=.,d=.]],d=.],d=.],d=[232:e=[184:e=[167:e=[161:e=.,d=.],d=[179:e=.,d=.]],d=[198:e=.,d=.]],d=.]],d=[416:e=[287:e=.,d=[327:e=[300:e=.,d=[322:e=.,d=.]],d=[380:e=[367:e=[342:e=.,d=[345:e=.,d=.]],d=.],d=.]]],d=[438:e=.,d=.]]],d=[630:e=[484:e=[478:e=[475:e=[457:e=.,d=.],d=.],d=.],d=[550:e=[540:e=[491:e=.,d=[532:e=.,d=.]],d=.],d=[584:e=[556:e=.,d=[577:e=.,d=[581:e=.,d=.]]],d=[586:e=.,d=[613:e=[609:e=.,d=.],d=.]]]]],d=[645:e=.,d=[650:e=[649:e=.,d=.],d=[653:e=.,d=[682:e=[657:e=.,d=.],d=.]]]]]],d=[988:e=[915:e=[800:e=[739:e=.,d=[764:e=.,d=.]],d=[902:e=[837:e=.,d=[865:e=[849:e=.,d=.],d=[877:e=.,d=[889:e=.,d=.]]]],d=[903:e=.,d=.]]],d=[957:e=[942:e=.,d=.],d=[961:e=.,d=.]]],d=.]]
Inserido 956.
[684:e=[442:e=[285:e=[102:e=[55:e=[41:e=[20:e=[5:e=.,d=[19:e=.,d=.]],d=[21:e=.,d=.]],d=.],d=.],d=[232:e=[184:e=[167:e=[161:e=.,d=.],d=[179:e=.,d=.]],d=[198:e=.,d=.]],d=.]],d=[416:e=[287:e=.,d=[327:e=[300:e=.,d=[322:e=.,d=.]],d=[380:e=[367:e=[342:e=.,d=[345:e=.,d=.]],d=.],d=.]]],d=[438:e=.,d=.]]],d=[630:e=[484:e=[478:e=[475:e=[457:e=.,d=.],d=.],d=.],d=[550:e=[540:e=[491:e=.,d=[532:e=.,d=.]],d=.],d=[584:e=[556:e=.,d=[577:e=.,d=[581:e=.,d=.]]],d=[586:e=.,d=[613:e=[609:e=.,d=.],d=.]]]]],d=[645:e=.,d=[650:e=[649:e=.,d=.],d=[653:e=.,d=[682:e=[657:e=.,d=.],d=.]]]]]],d=[988:e=[915:e=[800:e=[739:e=.,d=[764:e=.,d=.]],d=[902:e=[837:e=.,d=[865:e=[849:e=.,d=.],d=[877:e=.,d=[889:e=.,d=.]]]],d=[903:e=.,d=.]]],d=[957:e=[942:e=.,d=[956:e=.,d=.]],d=[961:e=.,d=.]]],d=.]]
Inserido 216.
[684:e=[442:e=[285:e=[102:e=[55:e=[41:e=[20:e=[5:e=.,d=[19:e=.,d=.]],d=[21:e=.,d=.]],d=.],d=.],d=[232:e=[184:e=[167:e=[161:e=.,d=.],d=[179:e=.,d=.]],d=[198:e=.,d=[216:e=.,d=.]]],d=.]],d=[416:e=[287:e=.,d=[327:e=[300:e=.,d=[322:e=.,d=.]],d=[380:e=[367:e=[342:e=.,d=[345:e=.,d=.]],d=.],d=.]]],d=[438:e=.,d=.]]],d=[630:e=[484:e=[478:e=[475:e=[457:e=.,d=.],d=.],d=.],d=[550:e=[540:e=[491:e=.,d=[532:e=.,d=.]],d=.],d=[584:e=[556:e=.,d=[577:e=.,d=[581:e=.,d=.]]],d=[586:e=.,d=[613:e=[609:e=.,d=.],d=.]]]]],d=[645:e=.,d=[650:e=[649:e=.,d=.],d=[653:e=.,d=[682:e=[657:e=.,d=.],d=.]]]]]],d=[988:e=[915:e=[800:e=[739:e=.,d=[764:e=.,d=.]],d=[902:e=[837:e=.,d=[865:e=[849:e=.,d=.],d=[877:e=.,d=[889:e=.,d=.]]]],d=[903:e=.,d=.]]],d=[957:e=[942:e=.,d=[956:e=.,d=.]],d=[961:e=.,d=.]]],d=.]]
Inserido 679.
[684:e=[442:e=[285:e=[102:e=[55:e=[41:e=[20:e=[5:e=.,d=[19:e=.,d=.]],d=[21:e=.,d=.]],d=.],d=.],d=[232:e=[184:e=[167:e=[161:e=.,d=.],d=[179:e=.,d=.]],d=[198:e=.,d=[216:e=.,d=.]]],d=.]],d=[416:e=[287:e=.,d=[327:e=[300:e=.,d=[322:e=.,d=.]],d=[380:e=[367:e=[342:e=.,d=[345:e=.,d=.]],d=.],d=.]]],d=[438:e=.,d=.]]],d=[630:e=[484:e=[478:e=[475:e=[457:e=.,d=.],d=.],d=.],d=[550:e=[540:e=[491:e=.,d=[532:e=.,d=.]],d=.],d=[584:e=[556:e=.,d=[577:e=.,d=[581:e=.,d=.]]],d=[586:e=.,d=[613:e=[609:e=.,d=.],d=.]]]]],d=[645:e=.,d=[650:e=[649:e=.,d=.],d=[653:e=.,d=[682:e=[657:e=.,d=[679:e=.,d=.]],d=.]]]]]],d=[988:e=[915:e=[800:e=[739:e=.,d=[764:e=.,d=.]],d=[902:e=[837:e=.,d=[865:e=[849:e=.,d=.],d=[877:e=.,d=[889:e=.,d=.]]]],d=[903:e=.,d=.]]],d=[957:e=[942:e=.,d=[956:e=.,d=.]],d=[961:e=.,d=.]]],d=.]]
Inserido 548.
[684:e=[442:e=[285:e=[102:e=[55:e=[41:e=[20:e=[5:e=.,d=[19:e=.,d=.]],d=[21:e=.,d=.]],d=.],d=.],d=[232:e=[184:e=[167:e=[161:e=.,d=.],d=[179:e=.,d=.]],d=[198:e=.,d=[216:e=.,d=.]]],d=.]],d=[416:e=[287:e=.,d=[327:e=[300:e=.,d=[322:e=.,d=.]],d=[380:e=[367:e=[342:e=.,d=[345:e=.,d=.]],d=.],d=.]]],d=[438:e=.,d=.]]],d=[630:e=[484:e=[478:e=[475:e=[457:e=.,d=.],d=.],d=.],d=[550:e=[540:e=[491:e=.,d=[532:e=.,d=.]],d=[548:e=.,d=.]],d=[584:e=[556:e=.,d=[577:e=.,d=[581:e=.,d=.]]],d=[586:e=.,d=[613:e=[609:e=.,d=.],d=.]]]]],d=[645:e=.,d=[650:e=[649:e=.,d=.],d=[653:e=.,d=[682:e=[657:e=.,d=[679:e=.,d=.]],d=.]]]]]],d=[988:e=[915:e=[800:e=[739:e=.,d=[764:e=.,d=.]],d=[902:e=[837:e=.,d=[865:e=[849:e=.,d=.],d=[877:e=.,d=[889:e=.,d=.]]]],d=[903:e=.,d=.]]],d=[957:e=[942:e=.,d=[956:e=.,d=.]],d=[961:e=.,d=.]]],d=.]]
Inserido 392.
[684:e=[442:e=[285:e=[102:e=[55:e=[41:e=[20:e=[5:e=.,d=[19:e=.,d=.]],d=[21:e=.,d=.]],d=.],d=.],d=[232:e=[184:e=[167:e=[161:e=.,d=.],d=[179:e=.,d=.]],d=[198:e=.,d=[216:e=.,d=.]]],d=.]],d=[416:e=[287:e=.,d=[327:e=[300:e=.,d=[322:e=.,d=.]],d=[380:e=[367:e=[342:e=.,d=[345:e=.,d=.]],d=.],d=[392:e=.,d=.]]]],d=[438:e=.,d=.]]],d=[630:e=[484:e=[478:e=[475:e=[457:e=.,d=.],d=.],d=.],d=[550:e=[540:e=[491:e=.,d=[532:e=.,d=.]],d=[548:e=.,d=.]],d=[584:e=[556:e=.,d=[577:e=.,d=[581:e=.,d=.]]],d=[586:e=.,d=[613:e=[609:e=.,d=.],d=.]]]]],d=[645:e=.,d=[650:e=[649:e=.,d=.],d=[653:e=.,d=[682:e=[657:e=.,d=[679:e=.,d=.]],d=.]]]]]],d=[988:e=[915:e=[800:e=[739:e=.,d=[764:e=.,d=.]],d=[902:e=[837:e=.,d=[865:e=[849:e=.,d=.],d=[877:e=.,d=[889:e=.,d=.]]]],d=[903:e=.,d=.]]],d=[957:e=[942:e=.,d=[956:e=.,d=.]],d=[961:e=.,d=.]]],d=.]]
Inserido 308.
[684:e=[442:e=[285:e=[102:e=[55:e=[41:e=[20:e=[5:e=.,d=[19:e=.,d=.]],d=[21:e=.,d=.]],d=.],d=.],d=[232:e=[184:e=[167:e=[161:e=.,d=.],d=[179:e=.,d=.]],d=[198:e=.,d=[216:e=.,d=.]]],d=.]],d=[416:e=[287:e=.,d=[327:e=[300:e=.,d=[322:e=[308:e=.,d=.],d=.]],d=[380:e=[367:e=[342:e=.,d=[345:e=.,d=.]],d=.],d=[392:e=.,d=.]]]],d=[438:e=.,d=.]]],d=[630:e=[484:e=[478:e=[475:e=[457:e=.,d=.],d=.],d=.],d=[550:e=[540:e=[491:e=.,d=[532:e=.,d=.]],d=[548:e=.,d=.]],d=[584:e=[556:e=.,d=[577:e=.,d=[581:e=.,d=.]]],d=[586:e=.,d=[613:e=[609:e=.,d=.],d=.]]]]],d=[645:e=.,d=[650:e=[649:e=.,d=.],d=[653:e=.,d=[682:e=[657:e=.,d=[679:e=.,d=.]],d=.]]]]]],d=[988:e=[915:e=[800:e=[739:e=.,d=[764:e=.,d=.]],d=[902:e=[837:e=.,d=[865:e=[849:e=.,d=.],d=[877:e=.,d=[889:e=.,d=.]]]],d=[903:e=.,d=.]]],d=[957:e=[942:e=.,d=[956:e=.,d=.]],d=[961:e=.,d=.]]],d=.]]
Inserido 419.
[684:e=[442:e=[285:e=[102:e=[55:e=[41:e=[20:e=[5:e=.,d=[19:e=.,d=.]],d=[21:e=.,d=.]],d=.],d=.],d=[232:e=[184:e=[167:e=[161:e=.,d=.],d=[179:e=.,d=.]],d=[198:e=.,d=[216:e=.,d=.]]],d=.]],d=[416:e=[287:e=.,d=[327:e=[300:e=.,d=[322:e=[308:e=.,d=.],d=.]],d=[380:e=[367:e=[342:e=.,d=[345:e=.,d=.]],d=.],d=[392:e=.,d=.]]]],d=[438:e=[419:e=.,d=.],d=.]]],d=[630:e=[484:e=[478:e=[475:e=[457:e=.,d=.],d=.],d=.],d=[550:e=[540:e=[491:e=.,d=[532:e=.,d=.]],d=[548:e=.,d=.]],d=[584:e=[556:e=.,d=[577:e=.,d=[581:e=.,d=.]]],d=[586:e=.,d=[613:e=[609:e=.,d=.],d=.]]]]],d=[645:e=.,d=[650:e=[649:e=.,d=.],d=[653:e=.,d=[682:e=[657:e=.,d=[679:e=.,d=.]],d=.]]]]]],d=[988:e=[915:e=[800:e=[739:e=.,d=[764:e=.,d=.]],d=[902:e=[837:e=.,d=[865:e=[849:e=.,d=.],d=[877:e=.,d=[889:e=.,d=.]]]],d=[903:e=.,d=.]]],d=[957:e=[942:e=.,d=[956:e=.,d=.]],d=[961:e=.,d=.]]],d=.]]
Inserido 474.
[684:e=[442:e=[285:e=[102:e=[55:e=[41:e=[20:e=[5:e=.,d=[19:e=.,d=.]],d=[21:e=.,d=.]],d=.],d=.],d=[232:e=[184:e=[167:e=[161:e=.,d=.],d=[179:e=.,d=.]],d=[198:e=.,d=[216:e=.,d=.]]],d=.]],d=[416:e=[287:e=.,d=[327:e=[300:e=.,d=[322:e=[308:e=.,d=.],d=.]],d=[380:e=[367:e=[342:e=.,d=[345:e=.,d=.]],d=.],d=[392:e=.,d=.]]]],d=[438:e=[419:e=.,d=.],d=.]]],d=[630:e=[484:e=[478:e=[475:e=[457:e=.,d=[474:e=.,d=.]],d=.],d=.],d=[550:e=[540:e=[491:e=.,d=[532:e=.,d=.]],d=[548:e=.,d=.]],d=[584:e=[556:e=.,d=[577:e=.,d=[581:e=.,d=.]]],d=[586:e=.,d=[613:e=[609:e=.,d=.],d=.]]]]],d=[645:e=.,d=[650:e=[649:e=.,d=.],d=[653:e=.,d=[682:e=[657:e=.,d=[679:e=.,d=.]],d=.]]]]]],d=[988:e=[915:e=[800:e=[739:e=.,d=[764:e=.,d=.]],d=[902:e=[837:e=.,d=[865:e=[849:e=.,d=.],d=[877:e=.,d=[889:e=.,d=.]]]],d=[903:e=.,d=.]]],d=[957:e=[942:e=.,d=[956:e=.,d=.]],d=[961:e=.,d=.]]],d=.]]
Inserido 970.
[684:e=[442:e=[285:e=[102:e=[55:e=[41:e=[20:e=[5:e=.,d=[19:e=.,d=.]],d=[21:e=.,d=.]],d=.],d=.],d=[232:e=[184:e=[167:e=[161:e=.,d=.],d=[179:e=.,d=.]],d=[198:e=.,d=[216:e=.,d=.]]],d=.]],d=[416:e=[287:e=.,d=[327:e=[300:e=.,d=[322:e=[308:e=.,d=.],d=.]],d=[380:e=[367:e=[342:e=.,d=[345:e=.,d=.]],d=.],d=[392:e=.,d=.]]]],d=[438:e=[419:e=.,d=.],d=.]]],d=[630:e=[484:e=[478:e=[475:e=[457:e=.,d=[474:e=.,d=.]],d=.],d=.],d=[550:e=[540:e=[491:e=.,d=[532:e=.,d=.]],d=[548:e=.,d=.]],d=[584:e=[556:e=.,d=[577:e=.,d=[581:e=.,d=.]]],d=[586:e=.,d=[613:e=[609:e=.,d=.],d=.]]]]],d=[645:e=.,d=[650:e=[649:e=.,d=.],d=[653:e=.,d=[682:e=[657:e=.,d=[679:e=.,d=.]],d=.]]]]]],d=[988:e=[915:e=[800:e=[739:e=.,d=[764:e=.,d=.]],d=[902:e=[837:e=.,d=[865:e=[849:e=.,d=.],d=[877:e=.,d=[889:e=.,d=.]]]],d=[903:e=.,d=.]]],d=[957:e=[942:e=.,d=[956:e=.,d=.]],d=[961:e=.,d=[970:e=.,d=.]]]],d=.]]
Inserido 552.
[684:e=[442:e=[285:e=[102:e=[55:e=[41:e=[20:e=[5:e=.,d=[19:e=.,d=.]],d=[21:e=.,d=.]],d=.],d=.],d=[232:e=[184:e=[167:e=[161:e=.,d=.],d=[179:e=.,d=.]],d=[198:e=.,d=[216:e=.,d=.]]],d=.]],d=[416:e=[287:e=.,d=[327:e=[300:e=.,d=[322:e=[308:e=.,d=.],d=.]],d=[380:e=[367:e=[342:e=.,d=[345:e=.,d=.]],d=.],d=[392:e=.,d=.]]]],d=[438:e=[419:e=.,d=.],d=.]]],d=[630:e=[484:e=[478:e=[475:e=[457:e=.,d=[474:e=.,d=.]],d=.],d=.],d=[550:e=[540:e=[491:e=.,d=[532:e=.,d=.]],d=[548:e=.,d=.]],d=[584:e=[556:e=[552:e=.,d=.],d=[577:e=.,d=[581:e=.,d=.]]],d=[586:e=.,d=[613:e=[609:e=.,d=.],d=.]]]]],d=[645:e=.,d=[650:e=[649:e=.,d=.],d=[653:e=.,d=[682:e=[657:e=.,d=[679:e=.,d=.]],d=.]]]]]],d=[988:e=[915:e=[800:e=[739:e=.,d=[764:e=.,d=.]],d=[902:e=[837:e=.,d=[865:e=[849:e=.,d=.],d=[877:e=.,d=[889:e=.,d=.]]]],d=[903:e=.,d=.]]],d=[957:e=[942:e=.,d=[956:e=.,d=.]],d=[961:e=.,d=[970:e=.,d=.]]]],d=.]]
Inserido 736.
[684:e=[442:e=[285:e=[102:e=[55:e=[41:e=[20:e=[5:e=.,d=[19:e=.,d=.]],d=[21:e=.,d=.]],d=.],d=.],d=[232:e=[184:e=[167:e=[161:e=.,d=.],d=[179:e=.,d=.]],d=[198:e=.,d=[216:e=.,d=.]]],d=.]],d=[416:e=[287:e=.,d=[327:e=[300:e=.,d=[322:e=[308:e=.,d=.],d=.]],d=[380:e=[367:e=[342:e=.,d=[345:e=.,d=.]],d=.],d=[392:e=.,d=.]]]],d=[438:e=[419:e=.,d=.],d=.]]],d=[630:e=[484:e=[478:e=[475:e=[457:e=.,d=[474:e=.,d=.]],d=.],d=.],d=[550:e=[540:e=[491:e=.,d=[532:e=.,d=.]],d=[548:e=.,d=.]],d=[584:e=[556:e=[552:e=.,d=.],d=[577:e=.,d=[581:e=.,d=.]]],d=[586:e=.,d=[613:e=[609:e=.,d=.],d=.]]]]],d=[645:e=.,d=[650:e=[649:e=.,d=.],d=[653:e=.,d=[682:e=[657:e=.,d=[679:e=.,d=.]],d=.]]]]]],d=[988:e=[915:e=[800:e=[739:e=[736:e=.,d=.],d=[764:e=.,d=.]],d=[902:e=[837:e=.,d=[865:e=[849:e=.,d=.],d=[877:e=.,d=[889:e=.,d=.]]]],d=[903:e=.,d=.]]],d=[957:e=[942:e=.,d=[956:e=.,d=.]],d=[961:e=.,d=[970:e=.,d=.]]]],d=.]]
Inserido 576.
[684:e=[442:e=[285:e=[102:e=[55:e=[41:e=[20:e=[5:e=.,d=[19:e=.,d=.]],d=[21:e=.,d=.]],d=.],d=.],d=[232:e=[184:e=[167:e=[161:e=.,d=.],d=[179:e=.,d=.]],d=[198:e=.,d=[216:e=.,d=.]]],d=.]],d=[416:e=[287:e=.,d=[327:e=[300:e=.,d=[322:e=[308:e=.,d=.],d=.]],d=[380:e=[367:e=[342:e=.,d=[345:e=.,d=.]],d=.],d=[392:e=.,d=.]]]],d=[438:e=[419:e=.,d=.],d=.]]],d=[630:e=[484:e=[478:e=[475:e=[457:e=.,d=[474:e=.,d=.]],d=.],d=.],d=[550:e=[540:e=[491:e=.,d=[532:e=.,d=.]],d=[548:e=.,d=.]],d=[584:e=[556:e=[552:e=.,d=.],d=[577:e=[576:e=.,d=.],d=[581:e=.,d=.]]],d=[586:e=.,d=[613:e=[609:e=.,d=.],d=.]]]]],d=[645:e=.,d=[650:e=[649:e=.,d=.],d=[653:e=.,d=[682:e=[657:e=.,d=[679:e=.,d=.]],d=.]]]]]],d=[988:e=[915:e=[800:e=[739:e=[736:e=.,d=.],d=[764:e=.,d=.]],d=[902:e=[837:e=.,d=[865:e=[849:e=.,d=.],d=[877:e=.,d=[889:e=.,d=.]]]],d=[903:e=.,d=.]]],d=[957:e=[942:e=.,d=[956:e=.,d=.]],d=[961:e=.,d=[970:e=.,d=.]]]],d=.]]
Inserido 379.
[684:e=[442:e=[285:e=[102:e=[55:e=[41:e=[20:e=[5:e=.,d=[19:e=.,d=.]],d=[21:e=.,d=.]],d=.],d=.],d=[232:e=[184:e=[167:e=[161:e=.,d=.],d=[179:e=.,d=.]],d=[198:e=.,d=[216:e=.,d=.]]],d=.]],d=[416:e=[287:e=.,d=[327:e=[300:e=.,d=[322:e=[308:e=.,d=.],d=.]],d=[380:e=[367:e=[342:e=.,d=[345:e=.,d=.]],d=[379:e=.,d=.]],d=[392:e=.,d=.]]]],d=[438:e=[419:e=.,d=.],d=.]]],d=[630:e=[484:e=[478:e=[475:e=[457:e=.,d=[474:e=.,d=.]],d=.],d=.],d=[550:e=[540:e=[491:e=.,d=[532:e=.,d=.]],d=[548:e=.,d=.]],d=[584:e=[556:e=[552:e=.,d=.],d=[577:e=[576:e=.,d=.],d=[581:e=.,d=.]]],d=[586:e=.,d=[613:e=[609:e=.,d=.],d=.]]]]],d=[645:e=.,d=[650:e=[649:e=.,d=.],d=[653:e=.,d=[682:e=[657:e=.,d=[679:e=.,d=.]],d=.]]]]]],d=[988:e=[915:e=[800:e=[739:e=[736:e=.,d=.],d=[764:e=.,d=.]],d=[902:e=[837:e=.,d=[865:e=[849:e=.,d=.],d=[877:e=.,d=[889:e=.,d=.]]]],d=[903:e=.,d=.]]],d=[957:e=[942:e=.,d=[956:e=.,d=.]],d=[961:e=.,d=[970:e=.,d=.]]]],d=.]]
Inserido 174.
[684:e=[442:e=[285:e=[102:e=[55:e=[41:e=[20:e=[5:e=.,d=[19:e=.,d=.]],d=[21:e=.,d=.]],d=.],d=.],d=[232:e=[184:e=[167:e=[161:e=.,d=.],d=[179:e=[174:e=.,d=.],d=.]],d=[198:e=.,d=[216:e=.,d=.]]],d=.]],d=[416:e=[287:e=.,d=[327:e=[300:e=.,d=[322:e=[308:e=.,d=.],d=.]],d=[380:e=[367:e=[342:e=.,d=[345:e=.,d=.]],d=[379:e=.,d=.]],d=[392:e=.,d=.]]]],d=[438:e=[419:e=.,d=.],d=.]]],d=[630:e=[484:e=[478:e=[475:e=[457:e=.,d=[474:e=.,d=.]],d=.],d=.],d=[550:e=[540:e=[491:e=.,d=[532:e=.,d=.]],d=[548:e=.,d=.]],d=[584:e=[556:e=[552:e=.,d=.],d=[577:e=[576:e=.,d=.],d=[581:e=.,d=.]]],d=[586:e=.,d=[613:e=[609:e=.,d=.],d=.]]]]],d=[645:e=.,d=[650:e=[649:e=.,d=.],d=[653:e=.,d=[682:e=[657:e=.,d=[679:e=.,d=.]],d=.]]]]]],d=[988:e=[915:e=[800:e=[739:e=[736:e=.,d=.],d=[764:e=.,d=.]],d=[902:e=[837:e=.,d=[865:e=[849:e=.,d=.],d=[877:e=.,d=[889:e=.,d=.]]]],d=[903:e=.,d=.]]],d=[957:e=[942:e=.,d=[956:e=.,d=.]],d=[961:e=.,d=[970:e=.,d=.]]]],d=.]]
Inserido 913.
[684:e=[442:e=[285:e=[102:e=[55:e=[41:e=[20:e=[5:e=.,d=[19:e=.,d=.]],d=[21:e=.,d=.]],d=.],d=.],d=[232:e=[184:e=[167:e=[161:e=.,d=.],d=[179:e=[174:e=.,d=.],d=.]],d=[198:e=.,d=[216:e=.,d=.]]],d=.]],d=[416:e=[287:e=.,d=[327:e=[300:e=.,d=[322:e=[308:e=.,d=.],d=.]],d=[380:e=[367:e=[342:e=.,d=[345:e=.,d=.]],d=[379:e=.,d=.]],d=[392:e=.,d=.]]]],d=[438:e=[419:e=.,d=.],d=.]]],d=[630:e=[484:e=[478:e=[475:e=[457:e=.,d=[474:e=.,d=.]],d=.],d=.],d=[550:e=[540:e=[491:e=.,d=[532:e=.,d=.]],d=[548:e=.,d=.]],d=[584:e=[556:e=[552:e=.,d=.],d=[577:e=[576:e=.,d=.],d=[581:e=.,d=.]]],d=[586:e=.,d=[613:e=[609:e=.,d=.],d=.]]]]],d=[645:e=.,d=[650:e=[649:e=.,d=.],d=[653:e=.,d=[682:e=[657:e=.,d=[679:e=.,d=.]],d=.]]]]]],d=[988:e=[915:e=[800:e=[739:e=[736:e=.,d=.],d=[764:e=.,d=.]],d=[902:e=[837:e=.,d=[865:e=[849:e=.,d=.],d=[877:e=.,d=[889:e=.,d=.]]]],d=[903:e=.,d=[913:e=.,d=.]]]],d=[957:e=[942:e=.,d=[956:e=.,d=.]],d=[961:e=.,d=[970:e=.,d=.]]]],d=.]]
Insercao de 287 falhou.
[684:e=[442:e=[285:e=[102:e=[55:e=[41:e=[20:e=[5:e=.,d=[19:e=.,d=.]],d=[21:e=.,d=.]],d=.],d=.],d=[232:e=[184:e=[167:e=[161:e=.,d=.],d=[179:e=[174:e=.,d=.],d=.]],d=[198:e=.,d=[216:e=.,d=.]]],d=.]],d=[416:e=[287:e=.,d=[327:e=[300:e=.,d=[322:e=[308:e=.,d=.],d=.]],d=[380:e=[367:e=[342:e=.,d=[345:e=.,d=.]],d=[379:e=.,d=.]],d=[392:e=.,d=.]]]],d=[438:e=[419:e=.,d=.],d=.]]],d=[630:e=[484:e=[478:e=[475:e=[457:e=.,d=[474:e=.,d=.]],d=.],d=.],d=[550:e=[540:e=[491:e=.,d=[532:e=.,d=.]],d=[548:e=.,d=.]],d=[584:e=[556:e=[552:e=.,d=.],d=[577:e=[576:e=.,d=.],d=[581:e=.,d=.]]],d=[586:e=.,d=[613:e=[609:e=.,d=.],d=.]]]]],d=[645:e=.,d=[650:e=[649:e=.,d=.],d=[653:e=.,d=[682:e=[657:e=.,d=[679:e=.,d=.]],d=.]]]]]],d=[988:e=[915:e=[800:e=[739:e=[736:e=.,d=.],d=[764:e=.,d=.]],d=[902:e=[837:e=.,d=[865:e=[849:e=.,d=.],d=[877:e=.,d=[889:e=.,d=.]]]],d=[903:e=.,d=[913:e=.,d=.]]]],d=[957:e=[942:e=.,d=[956:e=.,d=.]],d=[961:e=.,d=[970:e=.,d=.]]]],d=.]]
Inserido 80.
[684:e=[442:e=[285:e=[102:e=[55:e=[41:e=[20:e=[5:e=.,d=[19:e=.,d=.]],d=[21:e=.,d=.]],d=.],d=[80:e=.,d=.]],d=[232:e=[184:e=[167:e=[161:e=.,d=.],d=[179:e=[174:e=.,d=.],d=.]],d=[198:e=.,d=[216:e=.,d=.]]],d=.]],d=[416:e=[287:e=.,d=[327:e=[300:e=.,d=[322:e=[308:e=.,d=.],d=.]],d=[380:e=[367:e=[342:e=.,d=[345:e=.,d=.]],d=[379:e=.,d=.]],d=[392:e=.,d=.]]]],d=[438:e=[419:e=.,d=.],d=.]]],d=[630:e=[484:e=[478:e=[475:e=[457:e=.,d=[474:e=.,d=.]],d=.],d=.],d=[550:e=[540:e=[491:e=.,d=[532:e=.,d=.]],d=[548:e=.,d=.]],d=[584:e=[556:e=[552:e=.,d=.],d=[577:e=[576:e=.,d=.],d=[581:e=.,d=.]]],d=[586:e=.,d=[613:e=[609:e=.,d=.],d=.]]]]],d=[645:e=.,d=[650:e=[649:e=.,d=.],d=[653:e=.,d=[682:e=[657:e=.,d=[679:e=.,d=.]],d=.]]]]]],d=[988:e=[915:e=[800:e=[739:e=[736:e=.,d=.],d=[764:e=.,d=.]],d=[902:e=[837:e=.,d=[865:e=[849:e=.,d=.],d=[877:e=.,d=[889:e=.,d=.]]]],d=[903:e=.,d=[913:e=.,d=.]]]],d=[957:e=[942:e=.,d=[956:e=.,d=.]],d=[961:e=.,d=[970:e=.,d=.]]]],d=.]]
Inserido 751.
[684:e=[442:e=[285:e=[102:e=[55:e=[41:e=[20:e=[5:e=.,d=[19:e=.,d=.]],d=[21:e=.,d=.]],d=.],d=[80:e=.,d=.]],d=[232:e=[184:e=[167:e=[161:e=.,d=.],d=[179:e=[174:e=.,d=.],d=.]],d=[198:e=.,d=[216:e=.,d=.]]],d=.]],d=[416:e=[287:e=.,d=[327:e=[300:e=.,d=[322:e=[308:e=.,d=.],d=.]],d=[380:e=[367:e=[342:e=.,d=[345:e=.,d=.]],d=[379:e=.,d=.]],d=[392:e=.,d=.]]]],d=[438:e=[419:e=.,d=.],d=.]]],d=[630:e=[484:e=[478:e=[475:e=[457:e=.,d=[474:e=.,d=.]],d=.],d=.],d=[550:e=[540:e=[491:e=.,d=[532:e=.,d=.]],d=[548:e=.,d=.]],d=[584:e=[556:e=[552:e=.,d=.],d=[577:e=[576:e=.,d=.],d=[581:e=.,d=.]]],d=[586:e=.,d=[613:e=[609:e=.,d=.],d=.]]]]],d=[645:e=.,d=[650:e=[649:e=.,d=.],d=[653:e=.,d=[682:e=[657:e=.,d=[679:e=.,d=.]],d=.]]]]]],d=[988:e=[915:e=[800:e=[739:e=[736:e=.,d=.],d=[764:e=[751:e=.,d=.],d=.]],d=[902:e=[837:e=.,d=[865:e=[849:e=.,d=.],d=[877:e=.,d=[889:e=.,d=.]]]],d=[903:e=.,d=[913:e=.,d=.]]]],d=[957:e=[942:e=.,d=[956:e=.,d=.]],d=[961:e=.,d=[970:e=.,d=.]]]],d=.]]
Inserido 561.
[684:e=[442:e=[285:e=[102:e=[55:e=[41:e=[20:e=[5:e=.,d=[19:e=.,d=.]],d=[21:e=.,d=.]],d=.],d=[80:e=.,d=.]],d=[232:e=[184:e=[167:e=[161:e=.,d=.],d=[179:e=[174:e=.,d=.],d=.]],d=[198:e=.,d=[216:e=.,d=.]]],d=.]],d=[416:e=[287:e=.,d=[327:e=[300:e=.,d=[322:e=[308:e=.,d=.],d=.]],d=[380:e=[367:e=[342:e=.,d=[345:e=.,d=.]],d=[379:e=.,d=.]],d=[392:e=.,d=.]]]],d=[438:e=[419:e=.,d=.],d=.]]],d=[630:e=[484:e=[478:e=[475:e=[457:e=.,d=[474:e=.,d=.]],d=.],d=.],d=[550:e=[540:e=[491:e=.,d=[532:e=.,d=.]],d=[548:e=.,d=.]],d=[584:e=[556:e=[552:e=.,d=.],d=[577:e=[576:e=[561:e=.,d=.],d=.],d=[581:e=.,d=.]]],d=[586:e=.,d=[613:e=[609:e=.,d=.],d=.]]]]],d=[645:e=.,d=[650:e=[649:e=.,d=.],d=[653:e=.,d=[682:e=[657:e=.,d=[679:e=.,d=.]],d=.]]]]]],d=[988:e=[915:e=[800:e=[739:e=[736:e=.,d=.],d=[764:e=[751:e=.,d=.],d=.]],d=[902:e=[837:e=.,d=[865:e=[849:e=.,d=.],d=[877:e=.,d=[889:e=.,d=.]]]],d=[903:e=.,d=[913:e=.,d=.]]]],d=[957:e=[942:e=.,d=[956:e=.,d=.]],d=[961:e=.,d=[970:e=.,d=.]]]],d=.]]
Inserido 869.
[684:e=[442:e=[285:e=[102:e=[55:e=[41:e=[20:e=[5:e=.,d=[19:e=.,d=.]],d=[21:e=.,d=.]],d=.],d=[80:e=.,d=.]],d=[232:e=[184:e=[167:e=[161:e=.,d=.],d=[179:e=[174:e=.,d=.],d=.]],d=[198:e=.,d=[216:e=.,d=.]]],d=.]],d=[416:e=[287:e=.,d=[327:e=[300:e=.,d=[322:e=[308:e=.,d=.],d=.]],d=[380:e=[367:e=[342:e=.,d=[345:e=.,d=.]],d=[379:e=.,d=.]],d=[392:e=.,d=.]]]],d=[438:e=[419:e=.,d=.],d=.]]],d=[630:e=[484:e=[478:e=[475:e=[457:e=.,d=[474:e=.,d=.]],d=.],d=.],d=[550:e=[540:e=[491:e=.,d=[532:e=.,d=.]],d=[548:e=.,d=.]],d=[584:e=[556:e=[552:e=.,d=.],d=[577:e=[576:e=[561:e=.,d=.],d=.],d=[581:e=.,d=.]]],d=[586:e=.,d=[613:e=[609:e=.,d=.],d=.]]]]],d=[645:e=.,d=[650:e=[649:e=.,d=.],d=[653:e=.,d=[682:e=[657:e=.,d=[679:e=.,d=.]],d=.]]]]]],d=[988:e=[915:e=[800:e=[739:e=[736:e=.,d=.],d=[764:e=[751:e=.,d=.],d=.]],d=[902:e=[837:e=.,d=[865:e=[849:e=.,d=.],d=[877:e=[869:e=.,d=.],d=[889:e=.,d=.]]]],d=[903:e=.,d=[913:e=.,d=.]]]],d=[957:e=[942:e=.,d=[956:e=.,d=.]],d=[961:e=.,d=[970:e=.,d=.]]]],d=.]]
Inserido 100.
[684:e=[442:e=[285:e=[102:e=[55:e=[41:e=[20:e=[5:e=.,d=[19:e=.,d=.]],d=[21:e=.,d=.]],d=.],d=[80:e=.,d=[100:e=.,d=.]]],d=[232:e=[184:e=[167:e=[161:e=.,d=.],d=[179:e=[174:e=.,d=.],d=.]],d=[198:e=.,d=[216:e=.,d=.]]],d=.]],d=[416:e=[287:e=.,d=[327:e=[300:e=.,d=[322:e=[308:e=.,d=.],d=.]],d=[380:e=[367:e=[342:e=.,d=[345:e=.,d=.]],d=[379:e=.,d=.]],d=[392:e=.,d=.]]]],d=[438:e=[419:e=.,d=.],d=.]]],d=[630:e=[484:e=[478:e=[475:e=[457:e=.,d=[474:e=.,d=.]],d=.],d=.],d=[550:e=[540:e=[491:e=.,d=[532:e=.,d=.]],d=[548:e=.,d=.]],d=[584:e=[556:e=[552:e=.,d=.],d=[577:e=[576:e=[561:e=.,d=.],d=.],d=[581:e=.,d=.]]],d=[586:e=.,d=[613:e=[609:e=.,d=.],d=.]]]]],d=[645:e=.,d=[650:e=[649:e=.,d=.],d=[653:e=.,d=[682:e=[657:e=.,d=[679:e=.,d=.]],d=.]]]]]],d=[988:e=[915:e=[800:e=[739:e=[736:e=.,d=.],d=[764:e=[751:e=.,d=.],d=.]],d=[902:e=[837:e=.,d=[865:e=[849:e=.,d=.],d=[877:e=[869:e=.,d=.],d=[889:e=.,d=.]]]],d=[903:e=.,d=[913:e=.,d=.]]]],d=[957:e=[942:e=.,d=[956:e=.,d=.]],d=[961:e=.,d=[970:e=.,d=.]]]],d=.]]
Inserido 47.
[684:e=[442:e=[285:e=[102:e=[55:e=[41:e=[20:e=[5:e=.,d=[19:e=.,d=.]],d=[21:e=.,d=.]],d=[47:e=.,d=.]],d=[80:e=.,d=[100:e=.,d=.]]],d=[232:e=[184:e=[167:e=[161:e=.,d=.],d=[179:e=[174:e=.,d=.],d=.]],d=[198:e=.,d=[216:e=.,d=.]]],d=.]],d=[416:e=[287:e=.,d=[327:e=[300:e=.,d=[322:e=[308:e=.,d=.],d=.]],d=[380:e=[367:e=[342:e=.,d=[345:e=.,d=.]],d=[379:e=.,d=.]],d=[392:e=.,d=.]]]],d=[438:e=[419:e=.,d=.],d=.]]],d=[630:e=[484:e=[478:e=[475:e=[457:e=.,d=[474:e=.,d=.]],d=.],d=.],d=[550:e=[540:e=[491:e=.,d=[532:e=.,d=.]],d=[548:e=.,d=.]],d=[584:e=[556:e=[552:e=.,d=.],d=[577:e=[576:e=[561:e=.,d=.],d=.],d=[581:e=.,d=.]]],d=[586:e=.,d=[613:e=[609:e=.,d=.],d=.]]]]],d=[645:e=.,d=[650:e=[649:e=.,d=.],d=[653:e=.,d=[682:e=[657:e=.,d=[679:e=.,d=.]],d=.]]]]]],d=[988:e=[915:e=[800:e=[739:e=[736:e=.,d=.],d=[764:e=[751:e=.,d=.],d=.]],d=[902:e=[837:e=.,d=[865:e=[849:e=.,d=.],d=[877:e=[869:e=.,d=.],d=[889:e=.,d=.]]]],d=[903:e=.,d=[913:e=.,d=.]]]],d=[957:e=[942:e=.,d=[956:e=.,d=.]],d=[961:e=.,d=[970:e=.,d=.]]]],d=.]]
Inserido 199.
[684:e=[442:e=[285:e=[102:e=[55:e=[41:e=[20:e=[5:e=.,d=[19:e=.,d=.]],d=[21:e=.,d=.]],d=[47:e=.,d=.]],d=[80:e=.,d=[100:e=.,d=.]]],d=[232:e=[184:e=[167:e=[161:e=.,d=.],d=[179:e=[174:e=.,d=.],d=.]],d=[198:e=.,d=[216:e=[199:e=.,d=.],d=.]]],d=.]],d=[416:e=[287:e=.,d=[327:e=[300:e=.,d=[322:e=[308:e=.,d=.],d=.]],d=[380:e=[367:e=[342:e=.,d=[345:e=.,d=.]],d=[379:e=.,d=.]],d=[392:e=.,d=.]]]],d=[438:e=[419:e=.,d=.],d=.]]],d=[630:e=[484:e=[478:e=[475:e=[457:e=.,d=[474:e=.,d=.]],d=.],d=.],d=[550:e=[540:e=[491:e=.,d=[532:e=.,d=.]],d=[548:e=.,d=.]],d=[584:e=[556:e=[552:e=.,d=.],d=[577:e=[576:e=[561:e=.,d=.],d=.],d=[581:e=.,d=.]]],d=[586:e=.,d=[613:e=[609:e=.,d=.],d=.]]]]],d=[645:e=.,d=[650:e=[649:e=.,d=.],d=[653:e=.,d=[682:e=[657:e=.,d=[679:e=.,d=.]],d=.]]]]]],d=[988:e=[915:e=[800:e=[739:e=[736:e=.,d=.],d=[764:e=[751:e=.,d=.],d=.]],d=[902:e=[837:e=.,d=[865:e=[849:e=.,d=.],d=[877:e=[869:e=.,d=.],d=[889:e=.,d=.]]]],d=[903:e=.,d=[913:e=.,d=.]]]],d=[957:e=[942:e=.,d=[956:e=.,d=.]],d=[961:e=.,d=[970:e=.,d=.]]]],d=.]]
Inserido 387.
[684:e=[442:e=[285:e=[102:e=[55:e=[41:e=[20:e=[5:e=.,d=[19:e=.,d=.]],d=[21:e=.,d=.]],d=[47:e=.,d=.]],d=[80:e=.,d=[100:e=.,d=.]]],d=[232:e=[184:e=[167:e=[161:e=.,d=.],d=[179:e=[174:e=.,d=.],d=.]],d=[198:e=.,d=[216:e=[199:e=.,d=.],d=.]]],d=.]],d=[416:e=[287:e=.,d=[327:e=[300:e=.,d=[322:e=[308:e=.,d=.],d=.]],d=[380:e=[367:e=[342:e=.,d=[345:e=.,d=.]],d=[379:e=.,d=.]],d=[392:e=[387:e=.,d=.],d=.]]]],d=[438:e=[419:e=.,d=.],d=.]]],d=[630:e=[484:e=[478:e=[475:e=[457:e=.,d=[474:e=.,d=.]],d=.],d=.],d=[550:e=[540:e=[491:e=.,d=[532:e=.,d=.]],d=[548:e=.,d=.]],d=[584:e=[556:e=[552:e=.,d=.],d=[577:e=[576:e=[561:e=.,d=.],d=.],d=[581:e=.,d=.]]],d=[586:e=.,d=[613:e=[609:e=.,d=.],d=.]]]]],d=[645:e=.,d=[650:e=[649:e=.,d=.],d=[653:e=.,d=[682:e=[657:e=.,d=[679:e=.,d=.]],d=.]]]]]],d=[988:e=[915:e=[800:e=[739:e=[736:e=.,d=.],d=[764:e=[751:e=.,d=.],d=.]],d=[902:e=[837:e=.,d=[865:e=[849:e=.,d=.],d=[877:e=[869:e=.,d=.],d=[889:e=.,d=.]]]],d=[903:e=.,d=[913:e=.,d=.]]]],d=[957:e=[942:e=.,d=[956:e=.,d=.]],d=[961:e=.,d=[970:e=.,d=.]]]],d=.]]
Inserido 541.
[684:e=[442:e=[285:e=[102:e=[55:e=[41:e=[20:e=[5:e=.,d=[19:e=.,d=.]],d=[21:e=.,d=.]],d=[47:e=.,d=.]],d=[80:e=.,d=[100:e=.,d=.]]],d=[232:e=[184:e=[167:e=[161:e=.,d=.],d=[179:e=[174:e=.,d=.],d=.]],d=[198:e=.,d=[216:e=[199:e=.,d=.],d=.]]],d=.]],d=[416:e=[287:e=.,d=[327:e=[300:e=.,d=[322:e=[308:e=.,d=.],d=.]],d=[380:e=[367:e=[342:e=.,d=[345:e=.,d=.]],d=[379:e=.,d=.]],d=[392:e=[387:e=.,d=.],d=.]]]],d=[438:e=[419:e=.,d=.],d=.]]],d=[630:e=[484:e=[478:e=[475:e=[457:e=.,d=[474:e=.,d=.]],d=.],d=.],d=[550:e=[540:e=[491:e=.,d=[532:e=.,d=.]],d=[548:e=[541:e=.,d=.],d=.]],d=[584:e=[556:e=[552:e=.,d=.],d=[577:e=[576:e=[561:e=.,d=.],d=.],d=[581:e=.,d=.]]],d=[586:e=.,d=[613:e=[609:e=.,d=.],d=.]]]]],d=[645:e=.,d=[650:e=[649:e=.,d=.],d=[653:e=.,d=[682:e=[657:e=.,d=[679:e=.,d=.]],d=.]]]]]],d=[988:e=[915:e=[800:e=[739:e=[736:e=.,d=.],d=[764:e=[751:e=.,d=.],d=.]],d=[902:e=[837:e=.,d=[865:e=[849:e=.,d=.],d=[877:e=[869:e=.,d=.],d=[889:e=.,d=.]]]],d=[903:e=.,d=[913:e=.,d=.]]]],d=[957:e=[942:e=.,d=[956:e=.,d=.]],d=[961:e=.,d=[970:e=.,d=.]]]],d=.]]
Inserido 885.
[684:e=[442:e=[285:e=[102:e=[55:e=[41:e=[20:e=[5:e=.,d=[19:e=.,d=.]],d=[21:e=.,d=.]],d=[47:e=.,d=.]],d=[80:e=.,d=[100:e=.,d=.]]],d=[232:e=[184:e=[167:e=[161:e=.,d=.],d=[179:e=[174:e=.,d=.],d=.]],d=[198:e=.,d=[216:e=[199:e=.,d=.],d=.]]],d=.]],d=[416:e=[287:e=.,d=[327:e=[300:e=.,d=[322:e=[308:e=.,d=.],d=.]],d=[380:e=[367:e=[342:e=.,d=[345:e=.,d=.]],d=[379:e=.,d=.]],d=[392:e=[387:e=.,d=.],d=.]]]],d=[438:e=[419:e=.,d=.],d=.]]],d=[630:e=[484:e=[478:e=[475:e=[457:e=.,d=[474:e=.,d=.]],d=.],d=.],d=[550:e=[540:e=[491:e=.,d=[532:e=.,d=.]],d=[548:e=[541:e=.,d=.],d=.]],d=[584:e=[556:e=[552:e=.,d=.],d=[577:e=[576:e=[561:e=.,d=.],d=.],d=[581:e=.,d=.]]],d=[586:e=.,d=[613:e=[609:e=.,d=.],d=.]]]]],d=[645:e=.,d=[650:e=[649:e=.,d=.],d=[653:e=.,d=[682:e=[657:e=.,d=[679:e=.,d=.]],d=.]]]]]],d=[988:e=[915:e=[800:e=[739:e=[736:e=.,d=.],d=[764:e=[751:e=.,d=.],d=.]],d=[902:e=[837:e=.,d=[865:e=[849:e=.,d=.],d=[877:e=[869:e=.,d=.],d=[889:e=[885:e=.,d=.],d=.]]]],d=[903:e=.,d=[913:e=.,d=.]]]],d=[957:e=[942:e=.,d=[956:e=.,d=.]],d=[961:e=.,d=[970:e=.,d=.]]]],d=.]]
Inserido 470.
[684:e=[442:e=[285:e=[102:e=[55:e=[41:e=[20:e=[5:e=.,d=[19:e=.,d=.]],d=[21:e=.,d=.]],d=[47:e=.,d=.]],d=[80:e=.,d=[100:e=.,d=.]]],d=[232:e=[184:e=[167:e=[161:e=.,d=.],d=[179:e=[174:e=.,d=.],d=.]],d=[198:e=.,d=[216:e=[199:e=.,d=.],d=.]]],d=.]],d=[416:e=[287:e=.,d=[327:e=[300:e=.,d=[322:e=[308:e=.,d=.],d=.]],d=[380:e=[367:e=[342:e=.,d=[345:e=.,d=.]],d=[379:e=.,d=.]],d=[392:e=[387:e=.,d=.],d=.]]]],d=[438:e=[419:e=.,d=.],d=.]]],d=[630:e=[484:e=[478:e=[475:e=[457:e=.,d=[474:e=[470:e=.,d=.],d=.]],d=.],d=.],d=[550:e=[540:e=[491:e=.,d=[532:e=.,d=.]],d=[548:e=[541:e=.,d=.],d=.]],d=[584:e=[556:e=[552:e=.,d=.],d=[577:e=[576:e=[561:e=.,d=.],d=.],d=[581:e=.,d=.]]],d=[586:e=.,d=[613:e=[609:e=.,d=.],d=.]]]]],d=[645:e=.,d=[650:e=[649:e=.,d=.],d=[653:e=.,d=[682:e=[657:e=.,d=[679:e=.,d=.]],d=.]]]]]],d=[988:e=[915:e=[800:e=[739:e=[736:e=.,d=.],d=[764:e=[751:e=.,d=.],d=.]],d=[902:e=[837:e=.,d=[865:e=[849:e=.,d=.],d=[877:e=[869:e=.,d=.],d=[889:e=[885:e=.,d=.],d=.]]]],d=[903:e=.,d=[913:e=.,d=.]]]],d=[957:e=[942:e=.,d=[956:e=.,d=.]],d=[961:e=.,d=[970:e=.,d=.]]]],d=.]]
Inserido 466.
[684:e=[442:e=[285:e=[102:e=[55:e=[41:e=[20:e=[5:e=.,d=[19:e=.,d=.]],d=[21:e=.,d=.]],d=[47:e=.,d=.]],d=[80:e=.,d=[100:e=.,d=.]]],d=[232:e=[184:e=[167:e=[161:e=.,d=.],d=[179:e=[174:e=.,d=.],d=.]],d=[198:e=.,d=[216:e=[199:e=.,d=.],d=.]]],d=.]],d=[416:e=[287:e=.,d=[327:e=[300:e=.,d=[322:e=[308:e=.,d=.],d=.]],d=[380:e=[367:e=[342:e=.,d=[345:e=.,d=.]],d=[379:e=.,d=.]],d=[392:e=[387:e=.,d=.],d=.]]]],d=[438:e=[419:e=.,d=.],d=.]]],d=[630:e=[484:e=[478:e=[475:e=[457:e=.,d=[474:e=[470:e=[466:e=.,d=.],d=.],d=.]],d=.],d=.],d=[550:e=[540:e=[491:e=.,d=[532:e=.,d=.]],d=[548:e=[541:e=.,d=.],d=.]],d=[584:e=[556:e=[552:e=.,d=.],d=[577:e=[576:e=[561:e=.,d=.],d=.],d=[581:e=.,d=.]]],d=[586:e=.,d=[613:e=[609:e=.,d=.],d=.]]]]],d=[645:e=.,d=[650:e=[649:e=.,d=.],d=[653:e=.,d=[682:e=[657:e=.,d=[679:e=.,d=.]],d=.]]]]]],d=[988:e=[915:e=[800:e=[739:e=[736:e=.,d=.],d=[764:e=[751:e=.,d=.],d=.]],d=[902:e=[837:e=.,d=[865:e=[849:e=.,d=.],d=[877:e=[869:e=.,d=.],d=[889:e=[885:e=.,d=.],d=.]]]],d=[903:e=.,d=[913:e=.,d=.]]]],d=[957:e=[942:e=.,d=[956:e=.,d=.]],d=[961:e=.,d=[970:e=.,d=.]]]],d=.]]
Inserido 202.
[684:e=[442:e=[285:e=[102:e=[55:e=[41:e=[20:e=[5:e=.,d=[19:e=.,d=.]],d=[21:e=.,d=.]],d=[47:e=.,d=.]],d=[80:e=.,d=[100:e=.,d=.]]],d=[232:e=[184:e=[167:e=[161:e=.,d=.],d=[179:e=[174:e=.,d=.],d=.]],d=[198:e=.,d=[216:e=[199:e=.,d=[202:e=.,d=.]],d=.]]],d=.]],d=[416:e=[287:e=.,d=[327:e=[300:e=.,d=[322:e=[308:e=.,d=.],d=.]],d=[380:e=[367:e=[342:e=.,d=[345:e=.,d=.]],d=[379:e=.,d=.]],d=[392:e=[387:e=.,d=.],d=.]]]],d=[438:e=[419:e=.,d=.],d=.]]],d=[630:e=[484:e=[478:e=[475:e=[457:e=.,d=[474:e=[470:e=[466:e=.,d=.],d=.],d=.]],d=.],d=.],d=[550:e=[540:e=[491:e=.,d=[532:e=.,d=.]],d=[548:e=[541:e=.,d=.],d=.]],d=[584:e=[556:e=[552:e=.,d=.],d=[577:e=[576:e=[561:e=.,d=.],d=.],d=[581:e=.,d=.]]],d=[586:e=.,d=[613:e=[609:e=.,d=.],d=.]]]]],d=[645:e=.,d=[650:e=[649:e=.,d=.],d=[653:e=.,d=[682:e=[657:e=.,d=[679:e=.,d=.]],d=.]]]]]],d=[988:e=[915:e=[800:e=[739:e=[736:e=.,d=.],d=[764:e=[751:e=.,d=.],d=.]],d=[902:e=[837:e=.,d=[865:e=[849:e=.,d=.],d=[877:e=[869:e=.,d=.],d=[889:e=[885:e=.,d=.],d=.]]]],d=[903:e=.,d=[913:e=.,d=.]]]],d=[957:e=[942:e=.,d=[956:e=.,d=.]],d=[961:e=.,d=[970:e=.,d=.]]]],d=.]]
Inserido 740.
[684:e=[442:e=[285:e=[102:e=[55:e=[41:e=[20:e=[5:e=.,d=[19:e=.,d=.]],d=[21:e=.,d=.]],d=[47:e=.,d=.]],d=[80:e=.,d=[100:e=.,d=.]]],d=[232:e=[184:e=[167:e=[161:e=.,d=.],d=[179:e=[174:e=.,d=.],d=.]],d=[198:e=.,d=[216:e=[199:e=.,d=[202:e=.,d=.]],d=.]]],d=.]],d=[416:e=[287:e=.,d=[327:e=[300:e=.,d=[322:e=[308:e=.,d=.],d=.]],d=[380:e=[367:e=[342:e=.,d=[345:e=.,d=.]],d=[379:e=.,d=.]],d=[392:e=[387:e=.,d=.],d=.]]]],d=[438:e=[419:e=.,d=.],d=.]]],d=[630:e=[484:e=[478:e=[475:e=[457:e=.,d=[474:e=[470:e=[466:e=.,d=.],d=.],d=.]],d=.],d=.],d=[550:e=[540:e=[491:e=.,d=[532:e=.,d=.]],d=[548:e=[541:e=.,d=.],d=.]],d=[584:e=[556:e=[552:e=.,d=.],d=[577:e=[576:e=[561:e=.,d=.],d=.],d=[581:e=.,d=.]]],d=[586:e=.,d=[613:e=[609:e=.,d=.],d=.]]]]],d=[645:e=.,d=[650:e=[649:e=.,d=.],d=[653:e=.,d=[682:e=[657:e=.,d=[679:e=.,d=.]],d=.]]]]]],d=[988:e=[915:e=[800:e=[739:e=[736:e=.,d=.],d=[764:e=[751:e=[740:e=.,d=.],d=.],d=.]],d=[902:e=[837:e=.,d=[865:e=[849:e=.,d=.],d=[877:e=[869:e=.,d=.],d=[889:e=[885:e=.,d=.],d=.]]]],d=[903:e=.,d=[913:e=.,d=.]]]],d=[957:e=[942:e=.,d=[956:e=.,d=.]],d=[961:e=.,d=[970:e=.,d=.]]]],d=.]]
Inserido 639.
[684:e=[442:e=[285:e=[102:e=[55:e=[41:e=[20:e=[5:e=.,d=[19:e=.,d=.]],d=[21:e=.,d=.]],d=[47:e=.,d=.]],d=[80:e=.,d=[100:e=.,d=.]]],d=[232:e=[184:e=[167:e=[161:e=.,d=.],d=[179:e=[174:e=.,d=.],d=.]],d=[198:e=.,d=[216:e=[199:e=.,d=[202:e=.,d=.]],d=.]]],d=.]],d=[416:e=[287:e=.,d=[327:e=[300:e=.,d=[322:e=[308:e=.,d=.],d=.]],d=[380:e=[367:e=[342:e=.,d=[345:e=.,d=.]],d=[379:e=.,d=.]],d=[392:e=[387:e=.,d=.],d=.]]]],d=[438:e=[419:e=.,d=.],d=.]]],d=[630:e=[484:e=[478:e=[475:e=[457:e=.,d=[474:e=[470:e=[466:e=.,d=.],d=.],d=.]],d=.],d=.],d=[550:e=[540:e=[491:e=.,d=[532:e=.,d=.]],d=[548:e=[541:e=.,d=.],d=.]],d=[584:e=[556:e=[552:e=.,d=.],d=[577:e=[576:e=[561:e=.,d=.],d=.],d=[581:e=.,d=.]]],d=[586:e=.,d=[613:e=[609:e=.,d=.],d=.]]]]],d=[645:e=[639:e=.,d=.],d=[650:e=[649:e=.,d=.],d=[653:e=.,d=[682:e=[657:e=.,d=[679:e=.,d=.]],d=.]]]]]],d=[988:e=[915:e=[800:e=[739:e=[736:e=.,d=.],d=[764:e=[751:e=[740:e=.,d=.],d=.],d=.]],d=[902:e=[837:e=.,d=[865:e=[849:e=.,d=.],d=[877:e=[869:e=.,d=.],d=[889:e=[885:e=.,d=.],d=.]]]],d=[903:e=.,d=[913:e=.,d=.]]]],d=[957:e=[942:e=.,d=[956:e=.,d=.]],d=[961:e=.,d=[970:e=.,d=.]]]],d=.]]
Inserido 833.
[684:e=[442:e=[285:e=[102:e=[55:e=[41:e=[20:e=[5:e=.,d=[19:e=.,d=.]],d=[21:e=.,d=.]],d=[47:e=.,d=.]],d=[80:e=.,d=[100:e=.,d=.]]],d=[232:e=[184:e=[167:e=[161:e=.,d=.],d=[179:e=[174:e=.,d=.],d=.]],d=[198:e=.,d=[216:e=[199:e=.,d=[202:e=.,d=.]],d=.]]],d=.]],d=[416:e=[287:e=.,d=[327:e=[300:e=.,d=[322:e=[308:e=.,d=.],d=.]],d=[380:e=[367:e=[342:e=.,d=[345:e=.,d=.]],d=[379:e=.,d=.]],d=[392:e=[387:e=.,d=.],d=.]]]],d=[438:e=[419:e=.,d=.],d=.]]],d=[630:e=[484:e=[478:e=[475:e=[457:e=.,d=[474:e=[470:e=[466:e=.,d=.],d=.],d=.]],d=.],d=.],d=[550:e=[540:e=[491:e=.,d=[532:e=.,d=.]],d=[548:e=[541:e=.,d=.],d=.]],d=[584:e=[556:e=[552:e=.,d=.],d=[577:e=[576:e=[561:e=.,d=.],d=.],d=[581:e=.,d=.]]],d=[586:e=.,d=[613:e=[609:e=.,d=.],d=.]]]]],d=[645:e=[639:e=.,d=.],d=[650:e=[649:e=.,d=.],d=[653:e=.,d=[682:e=[657:e=.,d=[679:e=.,d=.]],d=.]]]]]],d=[988:e=[915:e=[800:e=[739:e=[736:e=.,d=.],d=[764:e=[751:e=[740:e=.,d=.],d=.],d=.]],d=[902:e=[837:e=[833:e=.,d=.],d=[865:e=[849:e=.,d=.],d=[877:e=[869:e=.,d=.],d=[889:e=[885:e=.,d=.],d=.]]]],d=[903:e=.,d=[913:e=.,d=.]]]],d=[957:e=[942:e=.,d=[956:e=.,d=.]],d=[961:e=.,d=[970:e=.,d=.]]]],d=.]]
Inserido 934.
[684:e=[442:e=[285:e=[102:e=[55:e=[41:e=[20:e=[5:e=.,d=[19:e=.,d=.]],d=[21:e=.,d=.]],d=[47:e=.,d=.]],d=[80:e=.,d=[100:e=.,d=.]]],d=[232:e=[184:e=[167:e=[161:e=.,d=.],d=[179:e=[174:e=.,d=.],d=.]],d=[198:e=.,d=[216:e=[199:e=.,d=[202:e=.,d=.]],d=.]]],d=.]],d=[416:e=[287:e=.,d=[327:e=[300:e=.,d=[322:e=[308:e=.,d=.],d=.]],d=[380:e=[367:e=[342:e=.,d=[345:e=.,d=.]],d=[379:e=.,d=.]],d=[392:e=[387:e=.,d=.],d=.]]]],d=[438:e=[419:e=.,d=.],d=.]]],d=[630:e=[484:e=[478:e=[475:e=[457:e=.,d=[474:e=[470:e=[466:e=.,d=.],d=.],d=.]],d=.],d=.],d=[550:e=[540:e=[491:e=.,d=[532:e=.,d=.]],d=[548:e=[541:e=.,d=.],d=.]],d=[584:e=[556:e=[552:e=.,d=.],d=[577:e=[576:e=[561:e=.,d=.],d=.],d=[581:e=.,d=.]]],d=[586:e=.,d=[613:e=[609:e=.,d=.],d=.]]]]],d=[645:e=[639:e=.,d=.],d=[650:e=[649:e=.,d=.],d=[653:e=.,d=[682:e=[657:e=.,d=[679:e=.,d=.]],d=.]]]]]],d=[988:e=[915:e=[800:e=[739:e=[736:e=.,d=.],d=[764:e=[751:e=[740:e=.,d=.],d=.],d=.]],d=[902:e=[837:e=[833:e=.,d=.],d=[865:e=[849:e=.,d=.],d=[877:e=[869:e=.,d=.],d=[889:e=[885:e=.,d=.],d=.]]]],d=[903:e=.,d=[913:e=.,d=.]]]],d=[957:e=[942:e=[934:e=.,d=.],d=[956:e=.,d=.]],d=[961:e=.,d=[970:e=.,d=.]]]],d=.]]
Inserido 772.
[684:e=[442:e=[285:e=[102:e=[55:e=[41:e=[20:e=[5:e=.,d=[19:e=.,d=.]],d=[21:e=.,d=.]],d=[47:e=.,d=.]],d=[80:e=.,d=[100:e=.,d=.]]],d=[232:e=[184:e=[167:e=[161:e=.,d=.],d=[179:e=[174:e=.,d=.],d=.]],d=[198:e=.,d=[216:e=[199:e=.,d=[202:e=.,d=.]],d=.]]],d=.]],d=[416:e=[287:e=.,d=[327:e=[300:e=.,d=[322:e=[308:e=.,d=.],d=.]],d=[380:e=[367:e=[342:e=.,d=[345:e=.,d=.]],d=[379:e=.,d=.]],d=[392:e=[387:e=.,d=.],d=.]]]],d=[438:e=[419:e=.,d=.],d=.]]],d=[630:e=[484:e=[478:e=[475:e=[457:e=.,d=[474:e=[470:e=[466:e=.,d=.],d=.],d=.]],d=.],d=.],d=[550:e=[540:e=[491:e=.,d=[532:e=.,d=.]],d=[548:e=[541:e=.,d=.],d=.]],d=[584:e=[556:e=[552:e=.,d=.],d=[577:e=[576:e=[561:e=.,d=.],d=.],d=[581:e=.,d=.]]],d=[586:e=.,d=[613:e=[609:e=.,d=.],d=.]]]]],d=[645:e=[639:e=.,d=.],d=[650:e=[649:e=.,d=.],d=[653:e=.,d=[682:e=[657:e=.,d=[679:e=.,d=.]],d=.]]]]]],d=[988:e=[915:e=[800:e=[739:e=[736:e=.,d=.],d=[764:e=[751:e=[740:e=.,d=.],d=.],d=[772:e=.,d=.]]],d=[902:e=[837:e=[833:e=.,d=.],d=[865:e=[849:e=.,d=.],d=[877:e=[869:e=.,d=.],d=[889:e=[885:e=.,d=.],d=.]]]],d=[903:e=.,d=[913:e=.,d=.]]]],d=[957:e=[942:e=[934:e=.,d=.],d=[956:e=.,d=.]],d=[961:e=.,d=[970:e=.,d=.]]]],d=.]]
Inserido 405.
[684:e=[442:e=[285:e=[102:e=[55:e=[41:e=[20:e=[5:e=.,d=[19:e=.,d=.]],d=[21:e=.,d=.]],d=[47:e=.,d=.]],d=[80:e=.,d=[100:e=.,d=.]]],d=[232:e=[184:e=[167:e=[161:e=.,d=.],d=[179:e=[174:e=.,d=.],d=.]],d=[198:e=.,d=[216:e=[199:e=.,d=[202:e=.,d=.]],d=.]]],d=.]],d=[416:e=[287:e=.,d=[327:e=[300:e=.,d=[322:e=[308:e=.,d=.],d=.]],d=[380:e=[367:e=[342:e=.,d=[345:e=.,d=.]],d=[379:e=.,d=.]],d=[392:e=[387:e=.,d=.],d=[405:e=.,d=.]]]]],d=[438:e=[419:e=.,d=.],d=.]]],d=[630:e=[484:e=[478:e=[475:e=[457:e=.,d=[474:e=[470:e=[466:e=.,d=.],d=.],d=.]],d=.],d=.],d=[550:e=[540:e=[491:e=.,d=[532:e=.,d=.]],d=[548:e=[541:e=.,d=.],d=.]],d=[584:e=[556:e=[552:e=.,d=.],d=[577:e=[576:e=[561:e=.,d=.],d=.],d=[581:e=.,d=.]]],d=[586:e=.,d=[613:e=[609:e=.,d=.],d=.]]]]],d=[645:e=[639:e=.,d=.],d=[650:e=[649:e=.,d=.],d=[653:e=.,d=[682:e=[657:e=.,d=[679:e=.,d=.]],d=.]]]]]],d=[988:e=[915:e=[800:e=[739:e=[736:e=.,d=.],d=[764:e=[751:e=[740:e=.,d=.],d=.],d=[772:e=.,d=.]]],d=[902:e=[837:e=[833:e=.,d=.],d=[865:e=[849:e=.,d=.],d=[877:e=[869:e=.,d=.],d=[889:e=[885:e=.,d=.],d=.]]]],d=[903:e=.,d=[913:e=.,d=.]]]],d=[957:e=[942:e=[934:e=.,d=.],d=[956:e=.,d=.]],d=[961:e=.,d=[970:e=.,d=.]]]],d=.]]
Inserido 883.
[684:e=[442:e=[285:e=[102:e=[55:e=[41:e=[20:e=[5:e=.,d=[19:e=.,d=.]],d=[21:e=.,d=.]],d=[47:e=.,d=.]],d=[80:e=.,d=[100:e=.,d=.]]],d=[232:e=[184:e=[167:e=[161:e=.,d=.],d=[179:e=[174:e=.,d=.],d=.]],d=[198:e=.,d=[216:e=[199:e=.,d=[202:e=.,d=.]],d=.]]],d=.]],d=[416:e=[287:e=.,d=[327:e=[300:e=.,d=[322:e=[308:e=.,d=.],d=.]],d=[380:e=[367:e=[342:e=.,d=[345:e=.,d=.]],d=[379:e=.,d=.]],d=[392:e=[387:e=.,d=.],d=[405:e=.,d=.]]]]],d=[438:e=[419:e=.,d=.],d=.]]],d=[630:e=[484:e=[478:e=[475:e=[457:e=.,d=[474:e=[470:e=[466:e=.,d=.],d=.],d=.]],d=.],d=.],d=[550:e=[540:e=[491:e=.,d=[532:e=.,d=.]],d=[548:e=[541:e=.,d=.],d=.]],d=[584:e=[556:e=[552:e=.,d=.],d=[577:e=[576:e=[561:e=.,d=.],d=.],d=[581:e=.,d=.]]],d=[586:e=.,d=[613:e=[609:e=.,d=.],d=.]]]]],d=[645:e=[639:e=.,d=.],d=[650:e=[649:e=.,d=.],d=[653:e=.,d=[682:e=[657:e=.,d=[679:e=.,d=.]],d=.]]]]]],d=[988:e=[915:e=[800:e=[739:e=[736:e=.,d=.],d=[764:e=[751:e=[740:e=.,d=.],d=.],d=[772:e=.,d=.]]],d=[902:e=[837:e=[833:e=.,d=.],d=[865:e=[849:e=.,d=.],d=[877:e=[869:e=.,d=.],d=[889:e=[885:e=[883:e=.,d=.],d=.],d=.]]]],d=[903:e=.,d=[913:e=.,d=.]]]],d=[957:e=[942:e=[934:e=.,d=.],d=[956:e=.,d=.]],d=[961:e=.,d=[970:e=.,d=.]]]],d=.]]
Comando invalido.
Comando invalido.
Comando invalido.
Comando invalido.
Comando invalido.
Comando invalido.
Comando invalido.
Comando invalido.
Comando invalido.
Comando invalido.
Comando invalido.
Comando invalido.
Comando invalido.
Comando invalido.
Comando invalido.
Comando invalido.
Comando invalido.
Comando invalido.
Comando invalido.
Comando invalido.
Comando invalido.
Comando invalido.
Comando invalido.
Comando invalido.
Comando invalido.
Comando invalido.
Comando invalido.
Comando invalido.
Comando invalido.
Comando invalido.
Comando invalido.
Comando invalido.
Comando invalido.
Comando invalido.
Comando invalido.
Comando invalido.
Comando invalido.
Comando invalido.
Comando invalido.
Comando invalido.
Coman